[    19.935] 
X.Org X Server 1.21.1.3
X Protocol Version 11, Revision 0
[    19.935] Current Operating System: Linux elyahw 5.16.3-arch1-1 #1 SMP PREEMPT Thu, 27 Jan 2022 14:18:25 +0000 x86_64
[    19.935] Kernel command line: BOOT_IMAGE=/boot/vmlinuz-linux root=UUID=0cd04eb4-35f4-4c39-bd25-e3856f543b94 rw loglevel=3 quiet
[    19.935]  
[    19.935] Current version of pixman: 0.40.0
[    19.935] 	Before reporting problems, check http://wiki.x.org
	to make sure that you have the latest version.
[    19.935] Markers: (--) probed, (**) from config file, (==) default setting,
	(++) from command line, (!!) notice, (II) informational,
	(WW) warning, (EE) error, (NI) not implemented, (??) unknown.
[    19.935] (==) Log file: "/var/log/Xorg.0.log", Time: Sat Jan 29 11:35:33 2022
[    20.032] (==) Using config directory: "/etc/X11/xorg.conf.d"
[    20.032] (==) Using system config directory "/usr/share/X11/xorg.conf.d"
[    20.144] (==) No Layout section.  Using the first Screen section.
[    20.144] (==) No screen section available. Using defaults.
[    20.144] (**) |-->Screen "Default Screen Section" (0)
[    20.144] (**) |   |-->Monitor "<default monitor>"
[    20.145] (==) No monitor specified for screen "Default Screen Section".
	Using a default monitor configuration.
[    20.145] (==) Automatically adding devices
[    20.145] (==) Automatically enabling devices
[    20.145] (==) Automatically adding GPU devices
[    20.145] (==) Automatically binding GPU devices
[    20.145] (==) Max clients allowed: 256, resource mask: 0x1fffff
[    20.269] (WW) The directory "/usr/share/fonts/Type1" does not exist.
[    20.269] 	Entry deleted from font path.
[    20.269] (WW) The directory "/usr/share/fonts/100dpi" does not exist.
[    20.269] 	Entry deleted from font path.
[    20.269] (WW) The directory "/usr/share/fonts/75dpi" does not exist.
[    20.269] 	Entry deleted from font path.
[    20.269] (==) FontPath set to:
	/usr/share/fonts/misc,
	/usr/share/fonts/TTF,
	/usr/share/fonts/OTF
[    20.269] (==) ModulePath set to "/usr/lib/xorg/modules"
[    20.269] (II) The server relies on udev to provide the list of input devices.
	If no devices become available, reconfigure udev or disable AutoAddDevices.
[    20.269] (II) Module ABI versions:
[    20.269] 	X.Org ANSI C Emulation: 0.4
[    20.269] 	X.Org Video Driver: 25.2
[    20.269] 	X.Org XInput driver : 24.4
[    20.269] 	X.Org Server Extension : 10.0
[    20.270] (++) using VT number 1

[    20.270] (II) systemd-logind: logind integration requires -keeptty and -keeptty was not provided, disabling logind integration
[    20.271] (II) xfree86: Adding drm device (/dev/dri/card0)
[    20.271] (II) Platform probe for /sys/devices/pci0000:00/0000:00:02.0/drm/card0
[    20.289] (--) PCI:*(0@0:2:0) 8086:0162:1028:0577 rev 9, Mem @ 0xf7800000/4194304, 0xe0000000/268435456, I/O @ 0x0000f000/64, BIOS @ 0x????????/131072
[    20.289] (WW) Open ACPI failed (/var/run/acpid.socket) (No such file or directory)
[    20.289] (II) LoadModule: "glx"
[    20.355] (II) Loading /usr/lib/xorg/modules/extensions/libglx.so
[    20.522] (II) Module glx: vendor="X.Org Foundation"
[    20.522] 	compiled for 1.21.1.3, module version = 1.0.0
[    20.522] 	ABI class: X.Org Server Extension, version 10.0
[    20.522] (==) Matched intel as autoconfigured driver 0
[    20.522] (==) Matched modesetting as autoconfigured driver 1
[    20.522] (==) Matched fbdev as autoconfigured driver 2
[    20.522] (==) Matched vesa as autoconfigured driver 3
[    20.522] (==) Assigned the driver to the xf86ConfigLayout
[    20.522] (II) LoadModule: "intel"
[    20.531] (II) Loading /usr/lib/xorg/modules/drivers/intel_drv.so
[    20.590] (II) Module intel: vendor="X.Org Foundation"
[    20.590] 	compiled for 1.21.1.1, module version = 2.99.917
[    20.590] 	Module class: X.Org Video Driver
[    20.590] 	ABI class: X.Org Video Driver, version 25.2
[    20.590] (II) LoadModule: "modesetting"
[    20.590] (II) Loading /usr/lib/xorg/modules/drivers/modesetting_drv.so
[    20.646] (II) Module modesetting: vendor="X.Org Foundation"
[    20.646] 	compiled for 1.21.1.3, module version = 1.21.1
[    20.646] 	Module class: X.Org Video Driver
[    20.646] 	ABI class: X.Org Video Driver, version 25.2
[    20.646] (II) LoadModule: "fbdev"
[    20.647] (II) Loading /usr/lib/xorg/modules/drivers/fbdev_drv.so
[    20.662] (II) Module fbdev: vendor="X.Org Foundation"
[    20.662] 	compiled for 1.21.1.1, module version = 0.5.0
[    20.662] 	Module class: X.Org Video Driver
[    20.662] 	ABI class: X.Org Video Driver, version 25.2
[    20.662] (II) LoadModule: "vesa"
[    20.662] (II) Loading /usr/lib/xorg/modules/drivers/vesa_drv.so
[    20.666] (II) Module vesa: vendor="X.Org Foundation"
[    20.666] 	compiled for 1.21.1.1, module version = 2.5.0
[    20.666] 	Module class: X.Org Video Driver
[    20.666] 	ABI class: X.Org Video Driver, version 25.2
[    20.666] (II) intel: Driver for Intel(R) Integrated Graphics Chipsets:
	i810, i810-dc100, i810e, i815, i830M, 845G, 854, 852GM/855GM, 865G,
	915G, E7221 (i915), 915GM, 945G, 945GM, 945GME, Pineview GM,
	Pineview G, 965G, G35, 965Q, 946GZ, 965GM, 965GME/GLE, G33, Q35, Q33,
	GM45, 4 Series, G45/G43, Q45/Q43, G41, B43
[    20.666] (II) intel: Driver for Intel(R) HD Graphics
[    20.666] (II) intel: Driver for Intel(R) Iris(TM) Graphics
[    20.666] (II) intel: Driver for Intel(R) Iris(TM) Pro Graphics
[    20.666] (II) modesetting: Driver for Modesetting Kernel Drivers: kms
[    20.666] (II) FBDEV: driver for framebuffer: fbdev
[    20.666] (II) VESA: driver for VESA chipsets: vesa
[    20.675] (II) intel(0): Using Kernel Mode Setting driver: i915, version 1.6.0 20201103
[    20.675] (II) intel(0): SNA compiled from 2.99.917-916-g31486f40
[    20.694] (WW) Falling back to old probe method for modesetting
[    20.694] (WW) Falling back to old probe method for fbdev
[    20.694] (II) Loading sub module "fbdevhw"
[    20.694] (II) LoadModule: "fbdevhw"
[    20.694] (II) Loading /usr/lib/xorg/modules/libfbdevhw.so
[    20.701] (II) Module fbdevhw: vendor="X.Org Foundation"
[    20.701] 	compiled for 1.21.1.3, module version = 0.0.2
[    20.701] 	ABI class: X.Org Video Driver, version 25.2
[    20.702] (--) intel(0): Integrated Graphics Chipset: Intel(R) HD Graphics 4000
[    20.702] (--) intel(0): CPU: x86-64, sse2, sse3, ssse3, sse4.1, sse4.2, avx; using a maximum of 4 threads
[    20.703] (II) intel(0): Creating default Display subsection in Screen section
	"Default Screen Section" for depth/fbbpp 24/32
[    20.703] (==) intel(0): Depth 24, (--) framebuffer bpp 32
[    20.703] (==) intel(0): RGB weight 888
[    20.703] (==) intel(0): Default visual is TrueColor
[    20.703] (II) intel(0): Output VGA1 has no monitor section
[    20.703] (II) intel(0): Enabled output VGA1
[    20.704] (II) intel(0): Output HDMI1 has no monitor section
[    20.704] (II) intel(0): Enabled output HDMI1
[    20.704] (II) intel(0): Output DP1 has no monitor section
[    20.704] (II) intel(0): Enabled output DP1
[    20.704] (II) intel(0): Output HDMI2 has no monitor section
[    20.704] (II) intel(0): Enabled output HDMI2
[    20.704] (II) intel(0): Output DP2 has no monitor section
[    20.704] (II) intel(0): Enabled output DP2
[    20.704] (--) intel(0): Using a maximum size of 256x256 for hardware cursors
[    20.705] (II) intel(0): Output VIRTUAL1 has no monitor section
[    20.705] (II) intel(0): Enabled output VIRTUAL1
[    20.705] (--) intel(0): Output VGA1 using initial mode 1920x1080 on pipe 0
[    20.705] (==) intel(0): TearFree disabled
[    20.705] (==) intel(0): Using gamma correction (1.0, 1.0, 1.0)
[    20.705] (==) intel(0): DPI set to (96, 96)
[    20.705] (II) Loading sub module "dri3"
[    20.705] (II) LoadModule: "dri3"
[    20.705] (II) Module "dri3" already built-in
[    20.705] (II) Loading sub module "dri2"
[    20.705] (II) LoadModule: "dri2"
[    20.705] (II) Module "dri2" already built-in
[    20.705] (II) Loading sub module "present"
[    20.705] (II) LoadModule: "present"
[    20.705] (II) Module "present" already built-in
[    20.705] (II) UnloadModule: "modesetting"
[    20.705] (II) Unloading modesetting
[    20.705] (II) UnloadModule: "fbdev"
[    20.705] (II) Unloading fbdev
[    20.705] (II) UnloadSubModule: "fbdevhw"
[    20.705] (II) Unloading fbdevhw
[    20.705] (II) UnloadModule: "vesa"
[    20.705] (II) Unloading vesa
[    20.713] (II) intel(0): SNA initialized with Ivybridge (gen7, gt2) backend
[    20.714] (==) intel(0): Backing store enabled
[    20.714] (==) intel(0): Silken mouse enabled
[    20.714] (II) intel(0): HW Cursor enabled
[    20.727] (==) intel(0): DPMS enabled
[    20.727] (==) intel(0): Display hotplug detection enabled
[    20.727] (II) intel(0): [DRI2] Setup complete
[    20.727] (II) intel(0): [DRI2]   DRI driver: i965
[    20.727] (II) intel(0): [DRI2]   VDPAU driver: va_gl
[    20.727] (II) intel(0): direct rendering: DRI2 DRI3 enabled
[    20.727] (II) intel(0): hardware support for Present enabled
[    20.727] (II) Initializing extension Generic Event Extension
[    20.728] (II) Initializing extension SHAPE
[    20.728] (II) Initializing extension MIT-SHM
[    20.728] (II) Initializing extension XInputExtension
[    20.729] (II) Initializing extension XTEST
[    20.729] (II) Initializing extension BIG-REQUESTS
[    20.729] (II) Initializing extension SYNC
[    20.730] (II) Initializing extension XKEYBOARD
[    20.730] (II) Initializing extension XC-MISC
[    20.730] (II) Initializing extension SECURITY
[    20.730] (II) Initializing extension XFIXES
[    20.730] (II) Initializing extension RENDER
[    20.730] (II) Initializing extension RANDR
[    20.731] (II) Initializing extension COMPOSITE
[    20.731] (II) Initializing extension DAMAGE
[    20.731] (II) Initializing extension MIT-SCREEN-SAVER
[    20.731] (II) Initializing extension DOUBLE-BUFFER
[    20.732] (II) Initializing extension RECORD
[    20.732] (II) Initializing extension DPMS
[    20.732] (II) Initializing extension Present
[    20.732] (II) Initializing extension DRI3
[    20.732] (II) Initializing extension X-Resource
[    20.732] (II) Initializing extension XVideo
[    20.733] (II) Initializing extension XVideo-MotionCompensation
[    20.733] (II) Initializing extension GLX
[    21.016] (II) AIGLX: Loaded and initialized i965
[    21.016] (II) GLX: Initialized DRI2 GL provider for screen 0
[    21.016] (II) Initializing extension XFree86-VidModeExtension
[    21.016] (II) Initializing extension XFree86-DGA
[    21.016] (II) Initializing extension XFree86-DRI
[    21.016] (II) Initializing extension DRI2
[    21.054] (II) intel(0): switch to mode 1920x1080@60.0 on VGA1 using pipe 0, position (0, 0), rotation normal, reflection none
[    21.069] (II) intel(0): Setting screen physical size to 508 x 285
[    21.371] (II) config/udev: Adding input device Power Button (/dev/input/event1)
[    21.371] (**) Power Button: Applying InputClass "evdev keyboard catchall"
[    21.371] (**) Power Button: Applying InputClass "libinput keyboard catchall"
[    21.371] (**) Power Button: Applying InputClass "system-keyboard"
[    21.371] (II) LoadModule: "libinput"
[    21.372] (II) Loading /usr/lib/xorg/modules/input/libinput_drv.so
[    21.417] (EE) Failed to load /usr/lib/xorg/modules/input/libinput_drv.so: libwacom.so.2: cannot open shared object file: No such file or directory
[    21.417] (EE) Failed to load module "libinput" (loader failed, 0)
[    21.417] (EE) No input driver matching `libinput'
[    21.417] (II) Falling back to input driver `libinput'
[    21.417] (II) LoadModule: "libinput"
[    21.417] (II) Loading /usr/lib/xorg/modules/input/libinput_drv.so
[    21.418] (EE) Failed to load /usr/lib/xorg/modules/input/libinput_drv.so: libwacom.so.2: cannot open shared object file: No such file or directory
[    21.418] (EE) Failed to load module "libinput" (loader failed, 0)
[    21.419] (II) config/udev: Adding input device Video Bus (/dev/input/event5)
[    21.419] (**) Video Bus: Applying InputClass "evdev keyboard catchall"
[    21.419] (**) Video Bus: Applying InputClass "libinput keyboard catchall"
[    21.419] (**) Video Bus: Applying InputClass "system-keyboard"
[    21.419] (II) LoadModule: "libinput"
[    21.419] (II) Loading /usr/lib/xorg/modules/input/libinput_drv.so
[    21.419] (EE) Failed to load /usr/lib/xorg/modules/input/libinput_drv.so: libwacom.so.2: cannot open shared object file: No such file or directory
[    21.419] (EE) Failed to load module "libinput" (loader failed, 0)
[    21.419] (EE) No input driver matching `libinput'
[    21.419] (II) Falling back to input driver `libinput'
[    21.419] (II) LoadModule: "libinput"
[    21.419] (II) Loading /usr/lib/xorg/modules/input/libinput_drv.so
[    21.420] (EE) Failed to load /usr/lib/xorg/modules/input/libinput_drv.so: libwacom.so.2: cannot open shared object file: No such file or directory
[    21.420] (EE) Failed to load module "libinput" (loader failed, 0)
[    21.420] (II) config/udev: Adding input device Power Button (/dev/input/event0)
[    21.421] (**) Power Button: Applying InputClass "evdev keyboard catchall"
[    21.421] (**) Power Button: Applying InputClass "libinput keyboard catchall"
[    21.421] (**) Power Button: Applying InputClass "system-keyboard"
[    21.421] (II) LoadModule: "libinput"
[    21.421] (II) Loading /usr/lib/xorg/modules/input/libinput_drv.so
[    21.421] (EE) Failed to load /usr/lib/xorg/modules/input/libinput_drv.so: libwacom.so.2: cannot open shared object file: No such file or directory
[    21.421] (EE) Failed to load module "libinput" (loader failed, 0)
[    21.421] (EE) No input driver matching `libinput'
[    21.421] (II) Falling back to input driver `libinput'
[    21.421] (II) LoadModule: "libinput"
[    21.421] (II) Loading /usr/lib/xorg/modules/input/libinput_drv.so
[    21.422] (EE) Failed to load /usr/lib/xorg/modules/input/libinput_drv.so: libwacom.so.2: cannot open shared object file: No such file or directory
[    21.422] (EE) Failed to load module "libinput" (loader failed, 0)
[    21.424] (II) config/udev: Adding input device PixArt USB Optical Mouse (/dev/input/event2)
[    21.424] (**) PixArt USB Optical Mouse: Applying InputClass "evdev pointer catchall"
[    21.424] (**) PixArt USB Optical Mouse: Applying InputClass "libinput pointer catchall"
[    21.424] (II) LoadModule: "libinput"
[    21.424] (II) Loading /usr/lib/xorg/modules/input/libinput_drv.so
[    21.424] (EE) Failed to load /usr/lib/xorg/modules/input/libinput_drv.so: libwacom.so.2: cannot open shared object file: No such file or directory
[    21.424] (EE) Failed to load module "libinput" (loader failed, 0)
[    21.424] (EE) No input driver matching `libinput'
[    21.424] (II) Falling back to input driver `libinput'
[    21.424] (II) LoadModule: "libinput"
[    21.424] (II) Loading /usr/lib/xorg/modules/input/libinput_drv.so
[    21.425] (EE) Failed to load /usr/lib/xorg/modules/input/libinput_drv.so: libwacom.so.2: cannot open shared object file: No such file or directory
[    21.425] (EE) Failed to load module "libinput" (loader failed, 0)
[    21.426] (II) config/udev: Adding input device PixArt USB Optical Mouse (/dev/input/mouse0)
[    21.426] (II) No input driver specified, ignoring this device.
[    21.426] (II) This device may have been added with another device file.
[    21.427] (II) config/udev: Adding input device Dell Dell USB Entry Keyboard (/dev/input/event3)
[    21.427] (**) Dell Dell USB Entry Keyboard: Applying InputClass "evdev keyboard catchall"
[    21.427] (**) Dell Dell USB Entry Keyboard: Applying InputClass "libinput keyboard catchall"
[    21.427] (**) Dell Dell USB Entry Keyboard: Applying InputClass "system-keyboard"
[    21.427] (II) LoadModule: "libinput"
[    21.427] (II) Loading /usr/lib/xorg/modules/input/libinput_drv.so
[    21.428] (EE) Failed to load /usr/lib/xorg/modules/input/libinput_drv.so: libwacom.so.2: cannot open shared object file: No such file or directory
[    21.428] (EE) Failed to load module "libinput" (loader failed, 0)
[    21.428] (EE) No input driver matching `libinput'
[    21.428] (II) Falling back to input driver `libinput'
[    21.428] (II) LoadModule: "libinput"
[    21.428] (II) Loading /usr/lib/xorg/modules/input/libinput_drv.so
[    21.428] (EE) Failed to load /usr/lib/xorg/modules/input/libinput_drv.so: libwacom.so.2: cannot open shared object file: No such file or directory
[    21.428] (EE) Failed to load module "libinput" (loader failed, 0)
[    21.429] (II) config/udev: Adding input device HDA Intel PCH HDMI/DP,pcm=3 (/dev/input/event10)
[    21.429] (II) No input driver specified, ignoring this device.
[    21.429] (II) This device may have been added with another device file.
[    21.430] (II) config/udev: Adding input device HDA Intel PCH HDMI/DP,pcm=7 (/dev/input/event11)
[    21.430] (II) No input driver specified, ignoring this device.
[    21.430] (II) This device may have been added with another device file.
[    21.430] (II) config/udev: Adding input device HDA Intel PCH Rear Mic (/dev/input/event6)
[    21.430] (II) No input driver specified, ignoring this device.
[    21.430] (II) This device may have been added with another device file.
[    21.431] (II) config/udev: Adding input device HDA Intel PCH Front Mic (/dev/input/event7)
[    21.431] (II) No input driver specified, ignoring this device.
[    21.431] (II) This device may have been added with another device file.
[    21.432] (II) config/udev: Adding input device HDA Intel PCH Line Out (/dev/input/event8)
[    21.432] (II) No input driver specified, ignoring this device.
[    21.432] (II) This device may have been added with another device file.
[    21.432] (II) config/udev: Adding input device HDA Intel PCH Front Headphone (/dev/input/event9)
[    21.432] (II) No input driver specified, ignoring this device.
[    21.432] (II) This device may have been added with another device file.
[    21.433] (II) config/udev: Adding input device PC Speaker (/dev/input/event4)
[    21.433] (II) No input driver specified, ignoring this device.
[    21.433] (II) This device may have been added with another device file.
[    43.275] (II) config/udev: Adding input device Dell Dell USB Entry Keyboard (/dev/input/event3)
[    43.275] (**) Dell Dell USB Entry Keyboard: Applying InputClass "evdev keyboard catchall"
[    43.275] (**) Dell Dell USB Entry Keyboard: Applying InputClass "libinput keyboard catchall"
[    43.275] (**) Dell Dell USB Entry Keyboard: Applying InputClass "system-keyboard"
[    43.275] (II) LoadModule: "libinput"
[    43.275] (II) Loading /usr/lib/xorg/modules/input/libinput_drv.so
[    43.275] (EE) Failed to load /usr/lib/xorg/modules/input/libinput_drv.so: libwacom.so.2: cannot open shared object file: No such file or directory
[    43.276] (EE) Failed to load module "libinput" (loader failed, 0)
[    43.276] (EE) No input driver matching `libinput'
[    43.276] (II) Falling back to input driver `libinput'
[    43.276] (II) LoadModule: "libinput"
[    43.276] (II) Loading /usr/lib/xorg/modules/input/libinput_drv.so
[    43.276] (EE) Failed to load /usr/lib/xorg/modules/input/libinput_drv.so: libwacom.so.2: cannot open shared object file: No such file or directory
[    43.276] (EE) Failed to load module "libinput" (loader failed, 0)
[    89.853] (II) Server terminated successfully (0). Closing log file.
