[    15.326] 
X.Org X Server 1.20.13
X Protocol Version 11, Revision 0
[    15.326] Build Operating System: Linux Archlinux
[    15.326] Current Operating System: Linux elyahw 5.14.6-arch1-1 #1 SMP PREEMPT Sat, 18 Sep 2021 16:19:35 +0000 x86_64
[    15.326] Kernel command line: BOOT_IMAGE=/boot/vmlinuz-linux root=UUID=0cd04eb4-35f4-4c39-bd25-e3856f543b94 rw loglevel=3 quiet
[    15.326] Build Date: 04 August 2021  08:13:54AM
[    15.326]  
[    15.326] Current version of pixman: 0.40.0
[    15.326] 	Before reporting problems, check http://wiki.x.org
	to make sure that you have the latest version.
[    15.326] Markers: (--) probed, (**) from config file, (==) default setting,
	(++) from command line, (!!) notice, (II) informational,
	(WW) warning, (EE) error, (NI) not implemented, (??) unknown.
[    15.326] (==) Log file: "/var/log/Xorg.0.log", Time: Mon Sep 20 19:03:47 2021
[    15.696] (==) Using system config directory "/usr/share/X11/xorg.conf.d"
[    15.840] (==) No Layout section.  Using the first Screen section.
[    15.840] (==) No screen section available. Using defaults.
[    15.840] (**) |-->Screen "Default Screen Section" (0)
[    15.840] (**) |   |-->Monitor "<default monitor>"
[    15.840] (==) No monitor specified for screen "Default Screen Section".
	Using a default monitor configuration.
[    15.840] (==) Automatically adding devices
[    15.840] (==) Automatically enabling devices
[    15.840] (==) Automatically adding GPU devices
[    15.840] (==) Automatically binding GPU devices
[    15.840] (==) Max clients allowed: 256, resource mask: 0x1fffff
[    16.095] (WW) The directory "/usr/share/fonts/Type1" does not exist.
[    16.095] 	Entry deleted from font path.
[    16.095] (WW) The directory "/usr/share/fonts/100dpi" does not exist.
[    16.095] 	Entry deleted from font path.
[    16.095] (WW) The directory "/usr/share/fonts/75dpi" does not exist.
[    16.095] 	Entry deleted from font path.
[    16.095] (==) FontPath set to:
	/usr/share/fonts/misc,
	/usr/share/fonts/TTF,
	/usr/share/fonts/OTF
[    16.095] (==) ModulePath set to "/usr/lib/xorg/modules"
[    16.095] (II) The server relies on udev to provide the list of input devices.
	If no devices become available, reconfigure udev or disable AutoAddDevices.
[    16.095] (II) Module ABI versions:
[    16.095] 	X.Org ANSI C Emulation: 0.4
[    16.095] 	X.Org Video Driver: 24.1
[    16.095] 	X.Org XInput driver : 24.1
[    16.095] 	X.Org Server Extension : 10.0
[    16.097] (++) using VT number 1

[    16.097] (II) systemd-logind: logind integration requires -keeptty and -keeptty was not provided, disabling logind integration
[    16.100] (II) xfree86: Adding drm device (/dev/dri/card1)
[    16.101] (II) xfree86: Adding drm device (/dev/dri/card0)
[    16.103] (--) PCI: (0@0:2:0) 8086:3e92:1028:085a rev 0, Mem @ 0x9a000000/16777216, 0x80000000/268435456, I/O @ 0x00004000/64
[    16.103] (--) PCI:*(1@0:0:0) 10de:1287:1028:3382 rev 161, Mem @ 0x9b000000/16777216, 0x90000000/134217728, 0x98000000/33554432, I/O @ 0x00003000/128, BIOS @ 0x????????/131072
[    16.103] (WW) Open ACPI failed (/var/run/acpid.socket) (No such file or directory)
[    16.103] (II) LoadModule: "glx"
[    16.216] (II) Loading /usr/lib/xorg/modules/extensions/libglx.so
[    16.377] (II) Module glx: vendor="X.Org Foundation"
[    16.377] 	compiled for 1.20.13, module version = 1.0.0
[    16.377] 	ABI class: X.Org Server Extension, version 10.0
[    16.378] (==) Matched nouveau as autoconfigured driver 0
[    16.378] (==) Matched nv as autoconfigured driver 1
[    16.378] (==) Matched intel as autoconfigured driver 2
[    16.378] (==) Matched modesetting as autoconfigured driver 3
[    16.378] (==) Matched fbdev as autoconfigured driver 4
[    16.378] (==) Matched vesa as autoconfigured driver 5
[    16.378] (==) Assigned the driver to the xf86ConfigLayout
[    16.378] (II) LoadModule: "nouveau"
[    16.379] (II) Loading /usr/lib/xorg/modules/drivers/nouveau_drv.so
[    17.477] (II) Module nouveau: vendor="X.Org Foundation"
[    17.477] 	compiled for 1.20.10, module version = 1.0.17
[    17.477] 	Module class: X.Org Video Driver
[    17.477] 	ABI class: X.Org Video Driver, version 24.1
[    17.478] (II) LoadModule: "nv"
[    17.479] (WW) Warning, couldn't open module nv
[    17.479] (EE) Failed to load module "nv" (module does not exist, 0)
[    17.479] (II) LoadModule: "intel"
[    17.479] (II) Loading /usr/lib/xorg/modules/drivers/intel_drv.so
[    17.528] (II) Module intel: vendor="X.Org Foundation"
[    17.528] 	compiled for 1.20.10, module version = 2.99.917
[    17.528] 	Module class: X.Org Video Driver
[    17.528] 	ABI class: X.Org Video Driver, version 24.1
[    17.528] (II) LoadModule: "modesetting"
[    17.528] (II) Loading /usr/lib/xorg/modules/drivers/modesetting_drv.so
[    17.702] (II) Module modesetting: vendor="X.Org Foundation"
[    17.702] 	compiled for 1.20.13, module version = 1.20.13
[    17.702] 	Module class: X.Org Video Driver
[    17.702] 	ABI class: X.Org Video Driver, version 24.1
[    17.702] (II) LoadModule: "fbdev"
[    17.702] (II) Loading /usr/lib/xorg/modules/drivers/fbdev_drv.so
[    17.791] (II) Module fbdev: vendor="X.Org Foundation"
[    17.791] 	compiled for 1.20.8, module version = 0.5.0
[    17.791] 	Module class: X.Org Video Driver
[    17.791] 	ABI class: X.Org Video Driver, version 24.1
[    17.791] (II) LoadModule: "vesa"
[    17.792] (II) Loading /usr/lib/xorg/modules/drivers/vesa_drv.so
[    17.825] (II) Module vesa: vendor="X.Org Foundation"
[    17.825] 	compiled for 1.20.9, module version = 2.5.0
[    17.825] 	Module class: X.Org Video Driver
[    17.825] 	ABI class: X.Org Video Driver, version 24.1
[    17.825] (II) NOUVEAU driver 
[    17.825] (II) NOUVEAU driver for NVIDIA chipset families :
[    17.825] 	RIVA TNT            (NV04)
[    17.825] 	RIVA TNT2           (NV05)
[    17.825] 	GeForce 256         (NV10)
[    17.825] 	GeForce 2           (NV11, NV15)
[    17.825] 	GeForce 4MX         (NV17, NV18)
[    17.825] 	GeForce 3           (NV20)
[    17.825] 	GeForce 4Ti         (NV25, NV28)
[    17.825] 	GeForce FX          (NV3x)
[    17.826] 	GeForce 6           (NV4x)
[    17.826] 	GeForce 7           (G7x)
[    17.826] 	GeForce 8           (G8x)
[    17.826] 	GeForce 9           (G9x)
[    17.826] 	GeForce GTX 2xx/3xx (GT2xx)
[    17.826] 	GeForce GTX 4xx/5xx (GFxxx)
[    17.826] 	GeForce GTX 6xx/7xx (GKxxx)
[    17.826] 	GeForce GTX 9xx     (GMxxx)
[    17.826] 	GeForce GTX 10xx    (GPxxx)
[    17.826] (II) intel: Driver for Intel(R) Integrated Graphics Chipsets:
	i810, i810-dc100, i810e, i815, i830M, 845G, 854, 852GM/855GM, 865G,
	915G, E7221 (i915), 915GM, 945G, 945GM, 945GME, Pineview GM,
	Pineview G, 965G, G35, 965Q, 946GZ, 965GM, 965GME/GLE, G33, Q35, Q33,
	GM45, 4 Series, G45/G43, Q45/Q43, G41, B43
[    17.827] (II) intel: Driver for Intel(R) HD Graphics
[    17.827] (II) intel: Driver for Intel(R) Iris(TM) Graphics
[    17.827] (II) intel: Driver for Intel(R) Iris(TM) Pro Graphics
[    17.827] (II) modesetting: Driver for Modesetting Kernel Drivers: kms
[    17.827] (II) FBDEV: driver for framebuffer: fbdev
[    17.827] (II) VESA: driver for VESA chipsets: vesa
[    17.827] (II) [drm] nouveau interface version: 1.3.1
[    17.828] (WW) Falling back to old probe method for modesetting
[    17.828] (WW) Falling back to old probe method for fbdev
[    17.828] (II) Loading sub module "fbdevhw"
[    17.828] (II) LoadModule: "fbdevhw"
[    17.828] (II) Loading /usr/lib/xorg/modules/libfbdevhw.so
[    17.836] (II) Module fbdevhw: vendor="X.Org Foundation"
[    17.836] 	compiled for 1.20.13, module version = 0.0.2
[    17.836] 	ABI class: X.Org Video Driver, version 24.1
[    17.846] (II) intel(G0): Using Kernel Mode Setting driver: i915, version 1.6.0 20201103
[    17.846] (II) intel(G0): SNA compiled from 2.99.917-916-g31486f40
[    17.862] (II) Loading sub module "dri2"
[    17.862] (II) LoadModule: "dri2"
[    17.862] (II) Module "dri2" already built-in
[    17.863] (--) NOUVEAU(0): Chipset: "NVIDIA NV106"
[    17.863] (II) NOUVEAU(0): Creating default Display subsection in Screen section
	"Default Screen Section" for depth/fbbpp 24/32
[    17.863] (==) NOUVEAU(0): Depth 24, (--) framebuffer bpp 32
[    17.863] (==) NOUVEAU(0): RGB weight 888
[    17.863] (==) NOUVEAU(0): Default visual is TrueColor
[    17.863] (==) NOUVEAU(0): Using HW cursor
[    17.863] (==) NOUVEAU(0): Allowed maximum DRI level 2.
[    17.863] (==) NOUVEAU(0): GLX sync to VBlank enabled.
[    17.863] (==) NOUVEAU(0): Page flipping enabled
[    17.863] (==) NOUVEAU(0): Swap limit set to 1 [Max allowed 2]
[    17.863] (==) NOUVEAU(0): Page flipping synced to vblank by kernel.
[    17.863] (II) NOUVEAU(0): Initializing outputs ...
[    17.873] (II) NOUVEAU(0): Output DP-4 has no monitor section
[    17.884] (II) NOUVEAU(0): Output DP-5 has no monitor section
[    17.884] (II) NOUVEAU(0): 2 crtcs needed for screen.
[    17.884] (II) NOUVEAU(0): Allocated crtc nr. 0 to this screen.
[    17.884] (II) NOUVEAU(0): Allocated crtc nr. 1 to this screen.
[    17.884] (II) NOUVEAU(0): Allocated crtc nr. 2 to this screen.
[    17.884] (II) NOUVEAU(0): Allocated crtc nr. 3 to this screen.
[    17.894] (II) NOUVEAU(0): EDID for output DP-4
[    17.894] (II) NOUVEAU(0): Manufacturer: DEL  Model: d0d9  Serial#: 808858697
[    17.894] (II) NOUVEAU(0): Year: 2019  Week: 14
[    17.894] (II) NOUVEAU(0): EDID Version: 1.4
[    17.894] (II) NOUVEAU(0): Digital Display Input
[    17.894] (II) NOUVEAU(0): 8 bits per channel
[    17.894] (II) NOUVEAU(0): Digital interface is DisplayPort
[    17.894] (II) NOUVEAU(0): Max Image Size [cm]: horiz.: 53  vert.: 30
[    17.894] (II) NOUVEAU(0): Gamma: 2.20
[    17.894] (II) NOUVEAU(0): DPMS capabilities: Off
[    17.894] (II) NOUVEAU(0): Supported color encodings: RGB 4:4:4 YCrCb 4:4:4 YCrCb 4:2:2
[    17.894] (II) NOUVEAU(0): First detailed timing is preferred mode
[    17.894] (II) NOUVEAU(0): Preferred mode is native pixel format and refresh rate
[    17.894] (II) NOUVEAU(0): redX: 0.652 redY: 0.336   greenX: 0.321 greenY: 0.610
[    17.895] (II) NOUVEAU(0): blueX: 0.153 blueY: 0.061   whiteX: 0.313 whiteY: 0.329
[    17.895] (II) NOUVEAU(0): Supported established timings:
[    17.895] (II) NOUVEAU(0): 720x400@70Hz
[    17.895] (II) NOUVEAU(0): 640x480@60Hz
[    17.895] (II) NOUVEAU(0): 640x480@75Hz
[    17.895] (II) NOUVEAU(0): 800x600@60Hz
[    17.895] (II) NOUVEAU(0): 800x600@75Hz
[    17.895] (II) NOUVEAU(0): 1024x768@60Hz
[    17.895] (II) NOUVEAU(0): 1024x768@75Hz
[    17.895] (II) NOUVEAU(0): 1280x1024@75Hz
[    17.895] (II) NOUVEAU(0): Manufacturer's mask: 0
[    17.895] (II) NOUVEAU(0): Supported standard timings:
[    17.895] (II) NOUVEAU(0): #0: hsize: 1152  vsize 864  refresh: 75  vid: 20337
[    17.895] (II) NOUVEAU(0): #1: hsize: 1280  vsize 1024  refresh: 60  vid: 32897
[    17.895] (II) NOUVEAU(0): #2: hsize: 1600  vsize 900  refresh: 60  vid: 49321
[    17.895] (II) NOUVEAU(0): #3: hsize: 1920  vsize 1080  refresh: 60  vid: 49361
[    17.895] (II) NOUVEAU(0): Supported detailed timing:
[    17.895] (II) NOUVEAU(0): clock: 148.5 MHz   Image Size:  527 x 296 mm
[    17.895] (II) NOUVEAU(0): h_active: 1920  h_sync: 2008  h_sync_end 2052 h_blank_end 2200 h_border: 0
[    17.895] (II) NOUVEAU(0): v_active: 1080  v_sync: 1084  v_sync_end 1089 v_blanking: 1125 v_border: 0
[    17.895] (II) NOUVEAU(0): Serial No: 3MNC2V2
[    17.895] (II) NOUVEAU(0): Monitor name: DELL P2419H
[    17.895] (II) NOUVEAU(0): Ranges: V min: 56 V max: 76 Hz, H min: 30 H max: 83 kHz, PixClock max 175 MHz
[    17.895] (II) NOUVEAU(0): EDID (in hex):
[    17.895] (II) NOUVEAU(0): 	00ffffffffffff0010acd9d049343630
[    17.895] (II) NOUVEAU(0): 	0e1d0104a5351e783a0565a756529c27
[    17.895] (II) NOUVEAU(0): 	0f5054a54b00714f8180a9c0d1c00101
[    17.895] (II) NOUVEAU(0): 	010101010101023a801871382d40582c
[    17.895] (II) NOUVEAU(0): 	45000f282100001e000000ff00334d4e
[    17.895] (II) NOUVEAU(0): 	433256320a2020202020000000fc0044
[    17.895] (II) NOUVEAU(0): 	454c4c205032343139480a20000000fd
[    17.895] (II) NOUVEAU(0): 	00384c1e5311010a20202020202000c8
[    17.895] (II) NOUVEAU(0): Printing probed modes for output DP-4
[    17.895] (II) NOUVEAU(0): Modeline "1920x1080"x60.0  148.50  1920 2008 2052 2200  1080 1084 1089 1125 +hsync +vsync (67.5 kHz eP)
[    17.895] (II) NOUVEAU(0): Modeline "1600x900"x60.0  108.00  1600 1624 1704 1800  900 901 904 1000 +hsync +vsync (60.0 kHz e)
[    17.895] (II) NOUVEAU(0): Modeline "1280x1024"x75.0  135.00  1280 1296 1440 1688  1024 1025 1028 1066 +hsync +vsync (80.0 kHz e)
[    17.895] (II) NOUVEAU(0): Modeline "1280x1024"x60.0  108.00  1280 1328 1440 1688  1024 1025 1028 1066 +hsync +vsync (64.0 kHz e)
[    17.895] (II) NOUVEAU(0): Modeline "1152x864"x75.0  108.00  1152 1216 1344 1600  864 865 868 900 +hsync +vsync (67.5 kHz e)
[    17.895] (II) NOUVEAU(0): Modeline "1024x768"x75.0   78.75  1024 1040 1136 1312  768 769 772 800 +hsync +vsync (60.0 kHz e)
[    17.895] (II) NOUVEAU(0): Modeline "1024x768"x60.0   65.00  1024 1048 1184 1344  768 771 777 806 -hsync -vsync (48.4 kHz e)
[    17.895] (II) NOUVEAU(0): Modeline "800x600"x75.0   49.50  800 816 896 1056  600 601 604 625 +hsync +vsync (46.9 kHz e)
[    17.895] (II) NOUVEAU(0): Modeline "800x600"x60.3   40.00  800 840 968 1056  600 601 605 628 +hsync +vsync (37.9 kHz e)
[    17.895] (II) NOUVEAU(0): Modeline "640x480"x75.0   31.50  640 656 720 840  480 481 484 500 -hsync -vsync (37.5 kHz e)
[    17.895] (II) NOUVEAU(0): Modeline "640x480"x59.9   25.18  640 656 752 800  480 490 492 525 -hsync -vsync (31.5 kHz e)
[    17.895] (II) NOUVEAU(0): Modeline "720x400"x70.1   28.32  720 738 846 900  400 412 414 449 -hsync +vsync (31.5 kHz e)
[    17.905] (II) NOUVEAU(0): EDID for output DP-5
[    17.905] (II) NOUVEAU(0): Manufacturer: DEL  Model: d0d9  Serial#: 876097620
[    17.905] (II) NOUVEAU(0): Year: 2020  Week: 10
[    17.905] (II) NOUVEAU(0): EDID Version: 1.4
[    17.905] (II) NOUVEAU(0): Digital Display Input
[    17.905] (II) NOUVEAU(0): 8 bits per channel
[    17.905] (II) NOUVEAU(0): Digital interface is DisplayPort
[    17.905] (II) NOUVEAU(0): Max Image Size [cm]: horiz.: 53  vert.: 30
[    17.905] (II) NOUVEAU(0): Gamma: 2.20
[    17.905] (II) NOUVEAU(0): DPMS capabilities: Off
[    17.905] (II) NOUVEAU(0): Supported color encodings: RGB 4:4:4 YCrCb 4:4:4 YCrCb 4:2:2
[    17.905] (II) NOUVEAU(0): First detailed timing is preferred mode
[    17.905] (II) NOUVEAU(0): Preferred mode is native pixel format and refresh rate
[    17.905] (II) NOUVEAU(0): redX: 0.652 redY: 0.336   greenX: 0.321 greenY: 0.610
[    17.905] (II) NOUVEAU(0): blueX: 0.153 blueY: 0.061   whiteX: 0.313 whiteY: 0.329
[    17.905] (II) NOUVEAU(0): Supported established timings:
[    17.905] (II) NOUVEAU(0): 720x400@70Hz
[    17.905] (II) NOUVEAU(0): 640x480@60Hz
[    17.905] (II) NOUVEAU(0): 640x480@75Hz
[    17.905] (II) NOUVEAU(0): 800x600@60Hz
[    17.905] (II) NOUVEAU(0): 800x600@75Hz
[    17.905] (II) NOUVEAU(0): 1024x768@60Hz
[    17.905] (II) NOUVEAU(0): 1024x768@75Hz
[    17.905] (II) NOUVEAU(0): 1280x1024@75Hz
[    17.905] (II) NOUVEAU(0): Manufacturer's mask: 0
[    17.905] (II) NOUVEAU(0): Supported standard timings:
[    17.905] (II) NOUVEAU(0): #0: hsize: 1152  vsize 864  refresh: 75  vid: 20337
[    17.905] (II) NOUVEAU(0): #1: hsize: 1280  vsize 1024  refresh: 60  vid: 32897
[    17.905] (II) NOUVEAU(0): #2: hsize: 1600  vsize 900  refresh: 60  vid: 49321
[    17.905] (II) NOUVEAU(0): #3: hsize: 1920  vsize 1080  refresh: 60  vid: 49361
[    17.905] (II) NOUVEAU(0): Supported detailed timing:
[    17.905] (II) NOUVEAU(0): clock: 148.5 MHz   Image Size:  527 x 296 mm
[    17.905] (II) NOUVEAU(0): h_active: 1920  h_sync: 2008  h_sync_end 2052 h_blank_end 2200 h_border: 0
[    17.905] (II) NOUVEAU(0): v_active: 1080  v_sync: 1084  v_sync_end 1089 v_blanking: 1125 v_border: 0
[    17.905] (II) NOUVEAU(0): Serial No: 87V1Y037480T
[    17.905] (II) NOUVEAU(0): Monitor name: DELL P2419H
[    17.905] (II) NOUVEAU(0): Ranges: V min: 56 V max: 76 Hz, H min: 30 H max: 83 kHz, PixClock max 175 MHz
[    17.905] (II) NOUVEAU(0): EDID (in hex):
[    17.905] (II) NOUVEAU(0): 	00ffffffffffff0010acd9d054303834
[    17.905] (II) NOUVEAU(0): 	0a1e0104a5351e783a0565a756529c27
[    17.905] (II) NOUVEAU(0): 	0f5054a54b00714f8180a9c0d1c00101
[    17.905] (II) NOUVEAU(0): 	010101010101023a801871382d40582c
[    17.905] (II) NOUVEAU(0): 	45000f282100001e000000ff00383756
[    17.905] (II) NOUVEAU(0): 	3159303337343830540a000000fc0044
[    17.905] (II) NOUVEAU(0): 	454c4c205032343139480a20000000fd
[    17.905] (II) NOUVEAU(0): 	00384c1e5311010a2020202020200050
[    17.905] (II) NOUVEAU(0): Printing probed modes for output DP-5
[    17.906] (II) NOUVEAU(0): Modeline "1920x1080"x60.0  148.50  1920 2008 2052 2200  1080 1084 1089 1125 +hsync +vsync (67.5 kHz eP)
[    17.906] (II) NOUVEAU(0): Modeline "1600x900"x60.0  108.00  1600 1624 1704 1800  900 901 904 1000 +hsync +vsync (60.0 kHz e)
[    17.906] (II) NOUVEAU(0): Modeline "1280x1024"x75.0  135.00  1280 1296 1440 1688  1024 1025 1028 1066 +hsync +vsync (80.0 kHz e)
[    17.906] (II) NOUVEAU(0): Modeline "1280x1024"x60.0  108.00  1280 1328 1440 1688  1024 1025 1028 1066 +hsync +vsync (64.0 kHz e)
[    17.906] (II) NOUVEAU(0): Modeline "1152x864"x75.0  108.00  1152 1216 1344 1600  864 865 868 900 +hsync +vsync (67.5 kHz e)
[    17.906] (II) NOUVEAU(0): Modeline "1024x768"x75.0   78.75  1024 1040 1136 1312  768 769 772 800 +hsync +vsync (60.0 kHz e)
[    17.906] (II) NOUVEAU(0): Modeline "1024x768"x60.0   65.00  1024 1048 1184 1344  768 771 777 806 -hsync -vsync (48.4 kHz e)
[    17.906] (II) NOUVEAU(0): Modeline "800x600"x75.0   49.50  800 816 896 1056  600 601 604 625 +hsync +vsync (46.9 kHz e)
[    17.906] (II) NOUVEAU(0): Modeline "800x600"x60.3   40.00  800 840 968 1056  600 601 605 628 +hsync +vsync (37.9 kHz e)
[    17.906] (II) NOUVEAU(0): Modeline "640x480"x75.0   31.50  640 656 720 840  480 481 484 500 -hsync -vsync (37.5 kHz e)
[    17.906] (II) NOUVEAU(0): Modeline "640x480"x59.9   25.18  640 656 752 800  480 490 492 525 -hsync -vsync (31.5 kHz e)
[    17.906] (II) NOUVEAU(0): Modeline "720x400"x70.1   28.32  720 738 846 900  400 412 414 449 -hsync +vsync (31.5 kHz e)
[    17.906] (II) NOUVEAU(0): Output DP-4 connected
[    17.906] (II) NOUVEAU(0): Output DP-5 connected
[    17.906] (II) NOUVEAU(0): Using spanning desktop for initial modes
[    17.906] (II) NOUVEAU(0): Output DP-4 using initial mode 1920x1080 +0+0
[    17.906] (II) NOUVEAU(0): Output DP-5 using initial mode 1920x1080 +1920+0
[    17.906] (==) NOUVEAU(0): Using gamma correction (1.0, 1.0, 1.0)
[    17.906] (II) NOUVEAU(0): Virtual size is 3840x1080 (pitch 0)
[    17.906] (**) NOUVEAU(0):  Driver mode "1920x1080": 148.5 MHz (scaled from 0.0 MHz), 67.5 kHz, 60.0 Hz
[    17.906] (II) NOUVEAU(0): Modeline "1920x1080"x60.0  148.50  1920 2008 2052 2200  1080 1084 1089 1125 +hsync +vsync (67.5 kHz eP)
[    17.906] (**) NOUVEAU(0):  Driver mode "1600x900": 108.0 MHz (scaled from 0.0 MHz), 60.0 kHz, 60.0 Hz
[    17.906] (II) NOUVEAU(0): Modeline "1600x900"x60.0  108.00  1600 1624 1704 1800  900 901 904 1000 +hsync +vsync (60.0 kHz e)
[    17.906] (**) NOUVEAU(0):  Driver mode "1280x1024": 135.0 MHz (scaled from 0.0 MHz), 80.0 kHz, 75.0 Hz
[    17.906] (II) NOUVEAU(0): Modeline "1280x1024"x75.0  135.00  1280 1296 1440 1688  1024 1025 1028 1066 +hsync +vsync (80.0 kHz e)
[    17.906] (**) NOUVEAU(0):  Driver mode "1280x1024": 108.0 MHz (scaled from 0.0 MHz), 64.0 kHz, 60.0 Hz
[    17.906] (II) NOUVEAU(0): Modeline "1280x1024"x60.0  108.00  1280 1328 1440 1688  1024 1025 1028 1066 +hsync +vsync (64.0 kHz e)
[    17.906] (**) NOUVEAU(0):  Driver mode "1152x864": 108.0 MHz (scaled from 0.0 MHz), 67.5 kHz, 75.0 Hz
[    17.906] (II) NOUVEAU(0): Modeline "1152x864"x75.0  108.00  1152 1216 1344 1600  864 865 868 900 +hsync +vsync (67.5 kHz e)
[    17.906] (**) NOUVEAU(0):  Driver mode "1024x768": 78.8 MHz (scaled from 0.0 MHz), 60.0 kHz, 75.0 Hz
[    17.906] (II) NOUVEAU(0): Modeline "1024x768"x75.0   78.75  1024 1040 1136 1312  768 769 772 800 +hsync +vsync (60.0 kHz e)
[    17.906] (**) NOUVEAU(0):  Driver mode "1024x768": 65.0 MHz (scaled from 0.0 MHz), 48.4 kHz, 60.0 Hz
[    17.906] (II) NOUVEAU(0): Modeline "1024x768"x60.0   65.00  1024 1048 1184 1344  768 771 777 806 -hsync -vsync (48.4 kHz e)
[    17.906] (**) NOUVEAU(0):  Driver mode "800x600": 49.5 MHz (scaled from 0.0 MHz), 46.9 kHz, 75.0 Hz
[    17.906] (II) NOUVEAU(0): Modeline "800x600"x75.0   49.50  800 816 896 1056  600 601 604 625 +hsync +vsync (46.9 kHz e)
[    17.906] (**) NOUVEAU(0):  Driver mode "800x600": 40.0 MHz (scaled from 0.0 MHz), 37.9 kHz, 60.3 Hz
[    17.906] (II) NOUVEAU(0): Modeline "800x600"x60.3   40.00  800 840 968 1056  600 601 605 628 +hsync +vsync (37.9 kHz e)
[    17.906] (**) NOUVEAU(0):  Driver mode "640x480": 31.5 MHz (scaled from 0.0 MHz), 37.5 kHz, 75.0 Hz
[    17.906] (II) NOUVEAU(0): Modeline "640x480"x75.0   31.50  640 656 720 840  480 481 484 500 -hsync -vsync (37.5 kHz e)
[    17.906] (**) NOUVEAU(0):  Driver mode "640x480": 25.2 MHz (scaled from 0.0 MHz), 31.5 kHz, 59.9 Hz
[    17.906] (II) NOUVEAU(0): Modeline "640x480"x59.9   25.18  640 656 752 800  480 490 492 525 -hsync -vsync (31.5 kHz e)
[    17.906] (**) NOUVEAU(0):  Driver mode "720x400": 28.3 MHz (scaled from 0.0 MHz), 31.5 kHz, 70.1 Hz
[    17.906] (II) NOUVEAU(0): Modeline "720x400"x70.1   28.32  720 738 846 900  400 412 414 449 -hsync +vsync (31.5 kHz e)
[    17.906] (==) NOUVEAU(0): DPI set to (96, 96)
[    17.906] (II) Loading sub module "fb"
[    17.906] (II) LoadModule: "fb"
[    17.906] (II) Loading /usr/lib/xorg/modules/libfb.so
[    17.919] (II) Module fb: vendor="X.Org Foundation"
[    17.919] 	compiled for 1.20.13, module version = 1.0.0
[    17.919] 	ABI class: X.Org ANSI C Emulation, version 0.4
[    17.919] (II) Loading sub module "shadowfb"
[    17.919] (II) LoadModule: "shadowfb"
[    17.920] (II) Loading /usr/lib/xorg/modules/libshadowfb.so
[    17.923] (II) Module shadowfb: vendor="X.Org Foundation"
[    17.923] 	compiled for 1.20.13, module version = 1.0.0
[    17.923] 	ABI class: X.Org ANSI C Emulation, version 0.4
[    17.924] (--) intel(G0): Integrated Graphics Chipset: Intel(R) HD Graphics
[    17.924] (--) intel(G0): CPU: x86-64, sse2, sse3, ssse3, sse4.1, sse4.2, avx, avx2; using a maximum of 6 threads
[    17.924] (==) intel(G0): Depth 24, (--) framebuffer bpp 32
[    17.924] (==) intel(G0): RGB weight 888
[    17.924] (==) intel(G0): Default visual is TrueColor
[    17.925] (II) intel(G0): Output DP1 has no monitor section
[    17.925] (II) intel(G0): Enabled output DP1
[    17.925] (II) intel(G0): Output HDMI1 has no monitor section
[    17.925] (II) intel(G0): Enabled output HDMI1
[    17.925] (II) intel(G0): Output DP2 has no monitor section
[    17.925] (II) intel(G0): Enabled output DP2
[    17.925] (II) intel(G0): Output HDMI2 has no monitor section
[    17.925] (II) intel(G0): Enabled output HDMI2
[    17.925] (II) intel(G0): Output DP3 has no monitor section
[    17.925] (II) intel(G0): Enabled output DP3
[    17.926] (II) intel(G0): Output HDMI3 has no monitor section
[    17.926] (II) intel(G0): Enabled output HDMI3
[    17.926] (--) intel(G0): Using a maximum size of 256x256 for hardware cursors
[    17.926] (II) intel(G0): Output VIRTUAL1 has no monitor section
[    17.926] (II) intel(G0): Enabled output VIRTUAL1
[    17.927] (==) intel(G0): TearFree enabled
[    17.927] (==) intel(G0): Using gamma correction (1.0, 1.0, 1.0)
[    17.927] (==) intel(G0): DPI set to (96, 96)
[    17.927] (II) Loading sub module "dri3"
[    17.927] (II) LoadModule: "dri3"
[    17.927] (II) Module "dri3" already built-in
[    17.927] (II) Loading sub module "dri2"
[    17.927] (II) LoadModule: "dri2"
[    17.927] (II) Module "dri2" already built-in
[    17.927] (II) Loading sub module "present"
[    17.927] (II) LoadModule: "present"
[    17.927] (II) Module "present" already built-in
[    17.927] (II) UnloadModule: "modesetting"
[    17.927] (II) Unloading modesetting
[    17.927] (II) UnloadModule: "fbdev"
[    17.927] (II) Unloading fbdev
[    17.927] (II) UnloadSubModule: "fbdevhw"
[    17.927] (II) Unloading fbdevhw
[    17.927] (II) UnloadModule: "vesa"
[    17.927] (II) Unloading vesa
[    17.928] (II) NOUVEAU(0): Channel setup complete.
[    17.928] (II) NOUVEAU(0): [COPY] async initialised.
[    17.942] (II) NOUVEAU(0): Hardware support for Present enabled
[    17.966] (II) NOUVEAU(0): [DRI2] Setup complete
[    17.966] (II) NOUVEAU(0): [DRI2]   DRI driver: nouveau
[    17.966] (II) NOUVEAU(0): [DRI2]   VDPAU driver: nouveau
[    17.966] (II) Loading sub module "exa"
[    17.967] (II) LoadModule: "exa"
[    17.967] (II) Loading /usr/lib/xorg/modules/libexa.so
[    17.978] (II) Module exa: vendor="X.Org Foundation"
[    17.978] 	compiled for 1.20.13, module version = 2.6.0
[    17.978] 	ABI class: X.Org Video Driver, version 24.1
[    17.985] (II) EXA(0): Driver allocated offscreen pixmaps
[    17.985] (II) EXA(0): Driver registered support for the following operations:
[    17.985] (II)         Solid
[    17.985] (II)         Copy
[    17.985] (II)         Composite (RENDER acceleration)
[    17.985] (II)         UploadToScreen
[    17.985] (II)         DownloadFromScreen
[    17.985] (==) NOUVEAU(0): Backing store enabled
[    17.985] (==) NOUVEAU(0): Silken mouse disabled
[    17.985] (II) NOUVEAU(0): [XvMC] Associated with Nouveau GeForce 8/9 Textured Video.
[    17.985] (II) NOUVEAU(0): [XvMC] Extension initialized.
[    17.985] (==) NOUVEAU(0): DPMS enabled
[    17.994] (II) intel(G0): SNA initialized with Coffeelake (gen9) backend
[    17.994] (==) intel(G0): Backing store enabled
[    17.994] (==) intel(G0): Silken mouse disabled
[    17.994] (II) intel(G0): HW Cursor enabled
[    17.995] (==) intel(G0): DPMS enabled
[    17.995] (==) intel(G0): Display hotplug detection enabled
[    17.995] (II) intel(G0): [DRI2] Setup complete
[    17.995] (II) intel(G0): [DRI2]   DRI driver: i965
[    17.995] (II) intel(G0): [DRI2]   VDPAU driver: va_gl
[    17.995] (II) intel(G0): direct rendering: DRI2 DRI3 enabled
[    17.995] (II) intel(G0): hardware support for Present enabled
[    17.996] (II) Initializing extension Generic Event Extension
[    17.996] (II) Initializing extension SHAPE
[    17.996] (II) Initializing extension MIT-SHM
[    17.997] (II) Initializing extension XInputExtension
[    17.997] (II) Initializing extension XTEST
[    17.997] (II) Initializing extension BIG-REQUESTS
[    17.998] (II) Initializing extension SYNC
[    17.998] (II) Initializing extension XKEYBOARD
[    17.998] (II) Initializing extension XC-MISC
[    17.999] (II) Initializing extension SECURITY
[    17.999] (II) Initializing extension XFIXES
[    17.999] (II) Initializing extension RENDER
[    18.000] (II) Initializing extension RANDR
[    18.000] (II) Initializing extension COMPOSITE
[    18.001] (II) Initializing extension DAMAGE
[    18.001] (II) Initializing extension MIT-SCREEN-SAVER
[    18.001] (II) Initializing extension DOUBLE-BUFFER
[    18.002] (II) Initializing extension RECORD
[    18.002] (II) Initializing extension DPMS
[    18.002] (II) Initializing extension Present
[    18.003] (II) Initializing extension DRI3
[    18.003] (II) Initializing extension X-Resource
[    18.003] (II) Initializing extension XVideo
[    18.004] (II) Initializing extension XVideo-MotionCompensation
[    18.004] (II) Initializing extension GLX
[    19.780] (II) AIGLX: Loaded and initialized nouveau
[    19.780] (II) GLX: Initialized DRI2 GL provider for screen 0
[    19.780] (II) Initializing extension XFree86-VidModeExtension
[    19.781] (II) Initializing extension XFree86-DGA
[    19.781] (II) Initializing extension XFree86-DRI
[    19.781] (II) Initializing extension DRI2
[    19.807] (II) NOUVEAU(0): NVEnterVT is called.
[    19.860] (II) NOUVEAU(0): Setting screen physical size to 1016 x 285
[    19.860] resize called 3840 1080
[    20.184] (II) config/udev: Adding input device Power Button (/dev/input/event2)
[    20.184] (**) Power Button: Applying InputClass "evdev keyboard catchall"
[    20.184] (**) Power Button: Applying InputClass "libinput keyboard catchall"
[    20.184] (II) LoadModule: "libinput"
[    20.184] (II) Loading /usr/lib/xorg/modules/input/libinput_drv.so
[    20.215] (EE) Failed to load /usr/lib/xorg/modules/input/libinput_drv.so: /usr/lib/libinput.so.10: version `LIBINPUT_1.19' not found (required by /usr/lib/xorg/modules/input/libinput_drv.so)
[    20.215] (EE) Failed to load module "libinput" (loader failed, 0)
[    20.215] (EE) No input driver matching `libinput'
[    20.215] (II) Falling back to input driver `libinput'
[    20.215] (II) LoadModule: "libinput"
[    20.215] (II) Loading /usr/lib/xorg/modules/input/libinput_drv.so
[    20.215] (EE) Failed to load /usr/lib/xorg/modules/input/libinput_drv.so: /usr/lib/libinput.so.10: version `LIBINPUT_1.19' not found (required by /usr/lib/xorg/modules/input/libinput_drv.so)
[    20.215] (EE) Failed to load module "libinput" (loader failed, 0)
[    20.216] (II) config/udev: Adding input device Video Bus (/dev/input/event3)
[    20.216] (**) Video Bus: Applying InputClass "evdev keyboard catchall"
[    20.216] (**) Video Bus: Applying InputClass "libinput keyboard catchall"
[    20.216] (II) LoadModule: "libinput"
[    20.216] (II) Loading /usr/lib/xorg/modules/input/libinput_drv.so
[    20.216] (EE) Failed to load /usr/lib/xorg/modules/input/libinput_drv.so: /usr/lib/libinput.so.10: version `LIBINPUT_1.19' not found (required by /usr/lib/xorg/modules/input/libinput_drv.so)
[    20.216] (EE) Failed to load module "libinput" (loader failed, 0)
[    20.216] (EE) No input driver matching `libinput'
[    20.216] (II) Falling back to input driver `libinput'
[    20.216] (II) LoadModule: "libinput"
[    20.216] (II) Loading /usr/lib/xorg/modules/input/libinput_drv.so
[    20.217] (EE) Failed to load /usr/lib/xorg/modules/input/libinput_drv.so: /usr/lib/libinput.so.10: version `LIBINPUT_1.19' not found (required by /usr/lib/xorg/modules/input/libinput_drv.so)
[    20.217] (EE) Failed to load module "libinput" (loader failed, 0)
[    20.217] (II) config/udev: Adding input device Power Button (/dev/input/event1)
[    20.217] (**) Power Button: Applying InputClass "evdev keyboard catchall"
[    20.217] (**) Power Button: Applying InputClass "libinput keyboard catchall"
[    20.217] (II) LoadModule: "libinput"
[    20.217] (II) Loading /usr/lib/xorg/modules/input/libinput_drv.so
[    20.218] (EE) Failed to load /usr/lib/xorg/modules/input/libinput_drv.so: /usr/lib/libinput.so.10: version `LIBINPUT_1.19' not found (required by /usr/lib/xorg/modules/input/libinput_drv.so)
[    20.218] (EE) Failed to load module "libinput" (loader failed, 0)
[    20.218] (EE) No input driver matching `libinput'
[    20.218] (II) Falling back to input driver `libinput'
[    20.218] (II) LoadModule: "libinput"
[    20.218] (II) Loading /usr/lib/xorg/modules/input/libinput_drv.so
[    20.218] (EE) Failed to load /usr/lib/xorg/modules/input/libinput_drv.so: /usr/lib/libinput.so.10: version `LIBINPUT_1.19' not found (required by /usr/lib/xorg/modules/input/libinput_drv.so)
[    20.218] (EE) Failed to load module "libinput" (loader failed, 0)
[    20.219] (II) config/udev: Adding input device Sleep Button (/dev/input/event0)
[    20.219] (**) Sleep Button: Applying InputClass "evdev keyboard catchall"
[    20.219] (**) Sleep Button: Applying InputClass "libinput keyboard catchall"
[    20.219] (II) LoadModule: "libinput"
[    20.219] (II) Loading /usr/lib/xorg/modules/input/libinput_drv.so
[    20.219] (EE) Failed to load /usr/lib/xorg/modules/input/libinput_drv.so: /usr/lib/libinput.so.10: version `LIBINPUT_1.19' not found (required by /usr/lib/xorg/modules/input/libinput_drv.so)
[    20.219] (EE) Failed to load module "libinput" (loader failed, 0)
[    20.219] (EE) No input driver matching `libinput'
[    20.219] (II) Falling back to input driver `libinput'
[    20.219] (II) LoadModule: "libinput"
[    20.219] (II) Loading /usr/lib/xorg/modules/input/libinput_drv.so
[    20.220] (EE) Failed to load /usr/lib/xorg/modules/input/libinput_drv.so: /usr/lib/libinput.so.10: version `LIBINPUT_1.19' not found (required by /usr/lib/xorg/modules/input/libinput_drv.so)
[    20.220] (EE) Failed to load module "libinput" (loader failed, 0)
[    20.221] (II) config/udev: Adding input device HDA NVidia HDMI/DP,pcm=3 (/dev/input/event11)
[    20.221] (II) No input driver specified, ignoring this device.
[    20.221] (II) This device may have been added with another device file.
[    20.221] (II) config/udev: Adding input device HDA NVidia HDMI/DP,pcm=7 (/dev/input/event12)
[    20.221] (II) No input driver specified, ignoring this device.
[    20.221] (II) This device may have been added with another device file.
[    20.221] (II) config/udev: Adding input device HDA NVidia HDMI/DP,pcm=8 (/dev/input/event13)
[    20.221] (II) No input driver specified, ignoring this device.
[    20.222] (II) This device may have been added with another device file.
[    20.222] (II) config/udev: Adding input device HDA NVidia HDMI/DP,pcm=9 (/dev/input/event14)
[    20.222] (II) No input driver specified, ignoring this device.
[    20.222] (II) This device may have been added with another device file.
[    20.222] (II) config/udev: Adding input device HDA NVidia HDMI/DP,pcm=10 (/dev/input/event15)
[    20.222] (II) No input driver specified, ignoring this device.
[    20.222] (II) This device may have been added with another device file.
[    20.224] (II) config/udev: Adding input device PixArt Dell MS116 USB Optical Mouse (/dev/input/event9)
[    20.224] (**) PixArt Dell MS116 USB Optical Mouse: Applying InputClass "evdev pointer catchall"
[    20.224] (**) PixArt Dell MS116 USB Optical Mouse: Applying InputClass "libinput pointer catchall"
[    20.224] (II) LoadModule: "libinput"
[    20.224] (II) Loading /usr/lib/xorg/modules/input/libinput_drv.so
[    20.224] (EE) Failed to load /usr/lib/xorg/modules/input/libinput_drv.so: /usr/lib/libinput.so.10: version `LIBINPUT_1.19' not found (required by /usr/lib/xorg/modules/input/libinput_drv.so)
[    20.224] (EE) Failed to load module "libinput" (loader failed, 0)
[    20.224] (EE) No input driver matching `libinput'
[    20.224] (II) Falling back to input driver `libinput'
[    20.224] (II) LoadModule: "libinput"
[    20.224] (II) Loading /usr/lib/xorg/modules/input/libinput_drv.so
[    20.225] (EE) Failed to load /usr/lib/xorg/modules/input/libinput_drv.so: /usr/lib/libinput.so.10: version `LIBINPUT_1.19' not found (required by /usr/lib/xorg/modules/input/libinput_drv.so)
[    20.225] (EE) Failed to load module "libinput" (loader failed, 0)
[    20.225] (II) config/udev: Adding input device PixArt Dell MS116 USB Optical Mouse (/dev/input/mouse0)
[    20.225] (II) No input driver specified, ignoring this device.
[    20.225] (II) This device may have been added with another device file.
[    20.226] (II) config/udev: Adding input device Dell KB216 Wired Keyboard (/dev/input/event5)
[    20.226] (**) Dell KB216 Wired Keyboard: Applying InputClass "evdev keyboard catchall"
[    20.226] (**) Dell KB216 Wired Keyboard: Applying InputClass "libinput keyboard catchall"
[    20.226] (II) LoadModule: "libinput"
[    20.226] (II) Loading /usr/lib/xorg/modules/input/libinput_drv.so
[    20.227] (EE) Failed to load /usr/lib/xorg/modules/input/libinput_drv.so: /usr/lib/libinput.so.10: version `LIBINPUT_1.19' not found (required by /usr/lib/xorg/modules/input/libinput_drv.so)
[    20.227] (EE) Failed to load module "libinput" (loader failed, 0)
[    20.227] (EE) No input driver matching `libinput'
[    20.227] (II) Falling back to input driver `libinput'
[    20.227] (II) LoadModule: "libinput"
[    20.227] (II) Loading /usr/lib/xorg/modules/input/libinput_drv.so
[    20.227] (EE) Failed to load /usr/lib/xorg/modules/input/libinput_drv.so: /usr/lib/libinput.so.10: version `LIBINPUT_1.19' not found (required by /usr/lib/xorg/modules/input/libinput_drv.so)
[    20.227] (EE) Failed to load module "libinput" (loader failed, 0)
[    20.228] (II) config/udev: Adding input device Dell KB216 Wired Keyboard System Control (/dev/input/event6)
[    20.228] (**) Dell KB216 Wired Keyboard System Control: Applying InputClass "evdev keyboard catchall"
[    20.228] (**) Dell KB216 Wired Keyboard System Control: Applying InputClass "libinput keyboard catchall"
[    20.228] (II) LoadModule: "libinput"
[    20.228] (II) Loading /usr/lib/xorg/modules/input/libinput_drv.so
[    20.229] (EE) Failed to load /usr/lib/xorg/modules/input/libinput_drv.so: /usr/lib/libinput.so.10: version `LIBINPUT_1.19' not found (required by /usr/lib/xorg/modules/input/libinput_drv.so)
[    20.229] (EE) Failed to load module "libinput" (loader failed, 0)
[    20.229] (EE) No input driver matching `libinput'
[    20.229] (II) Falling back to input driver `libinput'
[    20.229] (II) LoadModule: "libinput"
[    20.229] (II) Loading /usr/lib/xorg/modules/input/libinput_drv.so
[    20.229] (EE) Failed to load /usr/lib/xorg/modules/input/libinput_drv.so: /usr/lib/libinput.so.10: version `LIBINPUT_1.19' not found (required by /usr/lib/xorg/modules/input/libinput_drv.so)
[    20.229] (EE) Failed to load module "libinput" (loader failed, 0)
[    20.230] (II) config/udev: Adding input device Dell KB216 Wired Keyboard Consumer Control (/dev/input/event8)
[    20.230] (**) Dell KB216 Wired Keyboard Consumer Control: Applying InputClass "evdev keyboard catchall"
[    20.230] (**) Dell KB216 Wired Keyboard Consumer Control: Applying InputClass "libinput keyboard catchall"
[    20.230] (II) LoadModule: "libinput"
[    20.230] (II) Loading /usr/lib/xorg/modules/input/libinput_drv.so
[    20.230] (EE) Failed to load /usr/lib/xorg/modules/input/libinput_drv.so: /usr/lib/libinput.so.10: version `LIBINPUT_1.19' not found (required by /usr/lib/xorg/modules/input/libinput_drv.so)
[    20.230] (EE) Failed to load module "libinput" (loader failed, 0)
[    20.230] (EE) No input driver matching `libinput'
[    20.230] (II) Falling back to input driver `libinput'
[    20.230] (II) LoadModule: "libinput"
[    20.230] (II) Loading /usr/lib/xorg/modules/input/libinput_drv.so
[    20.231] (EE) Failed to load /usr/lib/xorg/modules/input/libinput_drv.so: /usr/lib/libinput.so.10: version `LIBINPUT_1.19' not found (required by /usr/lib/xorg/modules/input/libinput_drv.so)
[    20.231] (EE) Failed to load module "libinput" (loader failed, 0)
[    20.231] (II) config/udev: Adding input device HDA Intel PCH Headphone Mic (/dev/input/event16)
[    20.232] (II) No input driver specified, ignoring this device.
[    20.232] (II) This device may have been added with another device file.
[    20.232] (II) config/udev: Adding input device HDA Intel PCH Front Line Out (/dev/input/event17)
[    20.232] (II) No input driver specified, ignoring this device.
[    20.232] (II) This device may have been added with another device file.
[    20.232] (II) config/udev: Adding input device HDA Intel PCH HDMI/DP,pcm=3 (/dev/input/event18)
[    20.232] (II) No input driver specified, ignoring this device.
[    20.232] (II) This device may have been added with another device file.
[    20.233] (II) config/udev: Adding input device HDA Intel PCH HDMI/DP,pcm=7 (/dev/input/event19)
[    20.233] (II) No input driver specified, ignoring this device.
[    20.233] (II) This device may have been added with another device file.
[    20.233] (II) config/udev: Adding input device HDA Intel PCH HDMI/DP,pcm=8 (/dev/input/event20)
[    20.233] (II) No input driver specified, ignoring this device.
[    20.233] (II) This device may have been added with another device file.
[    20.234] (II) config/udev: Adding input device HDA Intel PCH HDMI/DP,pcm=9 (/dev/input/event21)
[    20.234] (II) No input driver specified, ignoring this device.
[    20.234] (II) This device may have been added with another device file.
[    20.234] (II) config/udev: Adding input device HDA Intel PCH HDMI/DP,pcm=10 (/dev/input/event22)
[    20.234] (II) No input driver specified, ignoring this device.
[    20.234] (II) This device may have been added with another device file.
[    20.235] (II) config/udev: Adding input device Dell WMI hotkeys (/dev/input/event10)
[    20.235] (**) Dell WMI hotkeys: Applying InputClass "evdev keyboard catchall"
[    20.235] (**) Dell WMI hotkeys: Applying InputClass "libinput keyboard catchall"
[    20.235] (II) LoadModule: "libinput"
[    20.235] (II) Loading /usr/lib/xorg/modules/input/libinput_drv.so
[    20.235] (EE) Failed to load /usr/lib/xorg/modules/input/libinput_drv.so: /usr/lib/libinput.so.10: version `LIBINPUT_1.19' not found (required by /usr/lib/xorg/modules/input/libinput_drv.so)
[    20.235] (EE) Failed to load module "libinput" (loader failed, 0)
[    20.235] (EE) No input driver matching `libinput'
[    20.235] (II) Falling back to input driver `libinput'
[    20.235] (II) LoadModule: "libinput"
[    20.235] (II) Loading /usr/lib/xorg/modules/input/libinput_drv.so
[    20.236] (EE) Failed to load /usr/lib/xorg/modules/input/libinput_drv.so: /usr/lib/libinput.so.10: version `LIBINPUT_1.19' not found (required by /usr/lib/xorg/modules/input/libinput_drv.so)
[    20.236] (EE) Failed to load module "libinput" (loader failed, 0)
[    20.236] (II) config/udev: Adding input device PC Speaker (/dev/input/event4)
[    20.236] (II) No input driver specified, ignoring this device.
[    20.236] (II) This device may have been added with another device file.
[    20.239] (II) config/udev: Adding input device Dell AIO WMI hotkeys (/dev/input/event7)
[    20.239] (**) Dell AIO WMI hotkeys: Applying InputClass "evdev keyboard catchall"
[    20.239] (**) Dell AIO WMI hotkeys: Applying InputClass "libinput keyboard catchall"
[    20.239] (II) LoadModule: "libinput"
[    20.239] (II) Loading /usr/lib/xorg/modules/input/libinput_drv.so
[    20.239] (EE) Failed to load /usr/lib/xorg/modules/input/libinput_drv.so: /usr/lib/libinput.so.10: version `LIBINPUT_1.19' not found (required by /usr/lib/xorg/modules/input/libinput_drv.so)
[    20.239] (EE) Failed to load module "libinput" (loader failed, 0)
[    20.239] (EE) No input driver matching `libinput'
[    20.239] (II) Falling back to input driver `libinput'
[    20.239] (II) LoadModule: "libinput"
[    20.239] (II) Loading /usr/lib/xorg/modules/input/libinput_drv.so
[    20.240] (EE) Failed to load /usr/lib/xorg/modules/input/libinput_drv.so: /usr/lib/libinput.so.10: version `LIBINPUT_1.19' not found (required by /usr/lib/xorg/modules/input/libinput_drv.so)
[    20.240] (EE) Failed to load module "libinput" (loader failed, 0)
[   232.518] (II) NOUVEAU(0): NVLeaveVT is called.
[   232.577] (II) Server terminated successfully (0). Closing log file.
