[     3.928] 
X.Org X Server 1.20.13
X Protocol Version 11, Revision 0
[     3.928] Build Operating System: Linux Archlinux
[     3.928] Current Operating System: Linux elyahw 5.14.6-arch1-1 #1 SMP PREEMPT Sat, 18 Sep 2021 16:19:35 +0000 x86_64
[     3.928] Kernel command line: BOOT_IMAGE=/boot/vmlinuz-linux root=UUID=7458c045-f1eb-45c8-a619-24d94bf1fa5a rw loglevel=3
[     3.928] Build Date: 04 August 2021  08:13:54AM
[     3.928]  
[     3.928] Current version of pixman: 0.40.0
[     3.928] 	Before reporting problems, check http://wiki.x.org
	to make sure that you have the latest version.
[     3.928] Markers: (--) probed, (**) from config file, (==) default setting,
	(++) from command line, (!!) notice, (II) informational,
	(WW) warning, (EE) error, (NI) not implemented, (??) unknown.
[     3.928] (==) Log file: "/var/log/Xorg.0.log", Time: Tue Sep 21 18:24:17 2021
[     3.932] (==) Using system config directory "/usr/share/X11/xorg.conf.d"
[     3.935] (==) No Layout section.  Using the first Screen section.
[     3.935] (==) No screen section available. Using defaults.
[     3.935] (**) |-->Screen "Default Screen Section" (0)
[     3.935] (**) |   |-->Monitor "<default monitor>"
[     3.935] (==) No monitor specified for screen "Default Screen Section".
	Using a default monitor configuration.
[     3.935] (==) Automatically adding devices
[     3.935] (==) Automatically enabling devices
[     3.935] (==) Automatically adding GPU devices
[     3.935] (==) Automatically binding GPU devices
[     3.935] (==) Max clients allowed: 256, resource mask: 0x1fffff
[     3.935] (WW) The directory "/usr/share/fonts/misc" does not exist.
[     3.935] 	Entry deleted from font path.
[     3.936] (WW) The directory "/usr/share/fonts/OTF" does not exist.
[     3.936] 	Entry deleted from font path.
[     3.936] (WW) The directory "/usr/share/fonts/Type1" does not exist.
[     3.936] 	Entry deleted from font path.
[     3.940] (==) FontPath set to:
	/usr/share/fonts/TTF,
	/usr/share/fonts/100dpi,
	/usr/share/fonts/75dpi
[     3.940] (==) ModulePath set to "/usr/lib/xorg/modules"
[     3.940] (II) The server relies on udev to provide the list of input devices.
	If no devices become available, reconfigure udev or disable AutoAddDevices.
[     3.940] (II) Module ABI versions:
[     3.940] 	X.Org ANSI C Emulation: 0.4
[     3.940] 	X.Org Video Driver: 24.1
[     3.940] 	X.Org XInput driver : 24.1
[     3.940] 	X.Org Server Extension : 10.0
[     3.940] (++) using VT number 1

[     3.940] (II) systemd-logind: logind integration requires -keeptty and -keeptty was not provided, disabling logind integration
[     3.941] (II) xfree86: Adding drm device (/dev/dri/card0)
[     4.347] (--) PCI:*(0@0:2:0) 8086:5916:17aa:5062 rev 2, Mem @ 0xe0000000/16777216, 0xd0000000/268435456, I/O @ 0x0000e000/64, BIOS @ 0x????????/131072
[     4.347] (WW) Open ACPI failed (/var/run/acpid.socket) (No such file or directory)
[     4.347] (II) LoadModule: "glx"
[     4.350] (II) Loading /usr/lib/xorg/modules/extensions/libglx.so
[     4.363] (II) Module glx: vendor="X.Org Foundation"
[     4.363] 	compiled for 1.20.13, module version = 1.0.0
[     4.363] 	ABI class: X.Org Server Extension, version 10.0
[     4.363] (==) Matched intel as autoconfigured driver 0
[     4.363] (==) Matched modesetting as autoconfigured driver 1
[     4.363] (==) Matched fbdev as autoconfigured driver 2
[     4.363] (==) Matched vesa as autoconfigured driver 3
[     4.363] (==) Assigned the driver to the xf86ConfigLayout
[     4.363] (II) LoadModule: "intel"
[     4.363] (II) Loading /usr/lib/xorg/modules/drivers/intel_drv.so
[     4.367] (II) Module intel: vendor="X.Org Foundation"
[     4.367] 	compiled for 1.20.10, module version = 2.99.917
[     4.367] 	Module class: X.Org Video Driver
[     4.367] 	ABI class: X.Org Video Driver, version 24.1
[     4.367] (II) LoadModule: "modesetting"
[     4.368] (II) Loading /usr/lib/xorg/modules/drivers/modesetting_drv.so
[     4.370] (II) Module modesetting: vendor="X.Org Foundation"
[     4.370] 	compiled for 1.20.13, module version = 1.20.13
[     4.370] 	Module class: X.Org Video Driver
[     4.370] 	ABI class: X.Org Video Driver, version 24.1
[     4.370] (II) LoadModule: "fbdev"
[     4.371] (II) Loading /usr/lib/xorg/modules/drivers/fbdev_drv.so
[     4.371] (II) Module fbdev: vendor="X.Org Foundation"
[     4.371] 	compiled for 1.20.8, module version = 0.5.0
[     4.371] 	Module class: X.Org Video Driver
[     4.371] 	ABI class: X.Org Video Driver, version 24.1
[     4.371] (II) LoadModule: "vesa"
[     4.371] (II) Loading /usr/lib/xorg/modules/drivers/vesa_drv.so
[     4.372] (II) Module vesa: vendor="X.Org Foundation"
[     4.372] 	compiled for 1.20.9, module version = 2.5.0
[     4.372] 	Module class: X.Org Video Driver
[     4.372] 	ABI class: X.Org Video Driver, version 24.1
[     4.372] (II) intel: Driver for Intel(R) Integrated Graphics Chipsets:
	i810, i810-dc100, i810e, i815, i830M, 845G, 854, 852GM/855GM, 865G,
	915G, E7221 (i915), 915GM, 945G, 945GM, 945GME, Pineview GM,
	Pineview G, 965G, G35, 965Q, 946GZ, 965GM, 965GME/GLE, G33, Q35, Q33,
	GM45, 4 Series, G45/G43, Q45/Q43, G41, B43
[     4.373] (II) intel: Driver for Intel(R) HD Graphics
[     4.373] (II) intel: Driver for Intel(R) Iris(TM) Graphics
[     4.373] (II) intel: Driver for Intel(R) Iris(TM) Pro Graphics
[     4.373] (II) modesetting: Driver for Modesetting Kernel Drivers: kms
[     4.373] (II) FBDEV: driver for framebuffer: fbdev
[     4.373] (II) VESA: driver for VESA chipsets: vesa
[     4.374] (II) intel(0): Using Kernel Mode Setting driver: i915, version 1.6.0 20201103
[     4.374] (II) intel(0): SNA compiled from 2.99.917-916-g31486f40
[     4.375] (WW) Falling back to old probe method for modesetting
[     4.375] (WW) Falling back to old probe method for fbdev
[     4.375] (II) Loading sub module "fbdevhw"
[     4.375] (II) LoadModule: "fbdevhw"
[     4.375] (II) Loading /usr/lib/xorg/modules/libfbdevhw.so
[     4.376] (II) Module fbdevhw: vendor="X.Org Foundation"
[     4.376] 	compiled for 1.20.13, module version = 0.0.2
[     4.376] 	ABI class: X.Org Video Driver, version 24.1
[     4.376] (--) intel(0): Integrated Graphics Chipset: Intel(R) HD Graphics 620
[     4.377] (--) intel(0): CPU: x86-64, sse2, sse3, ssse3, sse4.1, sse4.2, avx, avx2; using a maximum of 2 threads
[     4.377] (II) intel(0): Creating default Display subsection in Screen section
	"Default Screen Section" for depth/fbbpp 24/32
[     4.377] (==) intel(0): Depth 24, (--) framebuffer bpp 32
[     4.377] (==) intel(0): RGB weight 888
[     4.377] (==) intel(0): Default visual is TrueColor
[     4.778] (II) intel(0): Output DP1 has no monitor section
[     4.778] (II) intel(0): Enabled output DP1
[     4.778] (II) intel(0): Output HDMI1 has no monitor section
[     4.778] (II) intel(0): Enabled output HDMI1
[     4.778] (II) intel(0): Output DP2 has no monitor section
[     4.778] (II) intel(0): Enabled output DP2
[     4.778] (II) intel(0): Output HDMI2 has no monitor section
[     4.778] (II) intel(0): Enabled output HDMI2
[     4.778] (--) intel(0): Using a maximum size of 256x256 for hardware cursors
[     4.778] (II) intel(0): Output VIRTUAL1 has no monitor section
[     4.778] (II) intel(0): Enabled output VIRTUAL1
[     4.778] (--) intel(0): Output HDMI2 using initial mode 1920x1080 on pipe 0
[     4.779] (==) intel(0): TearFree enabled
[     4.779] (==) intel(0): Using gamma correction (1.0, 1.0, 1.0)
[     4.779] (==) intel(0): DPI set to (96, 96)
[     4.779] (II) Loading sub module "dri3"
[     4.779] (II) LoadModule: "dri3"
[     4.779] (II) Module "dri3" already built-in
[     4.779] (II) Loading sub module "dri2"
[     4.779] (II) LoadModule: "dri2"
[     4.779] (II) Module "dri2" already built-in
[     4.779] (II) Loading sub module "present"
[     4.779] (II) LoadModule: "present"
[     4.779] (II) Module "present" already built-in
[     4.779] (II) UnloadModule: "modesetting"
[     4.779] (II) Unloading modesetting
[     4.779] (II) UnloadModule: "fbdev"
[     4.779] (II) Unloading fbdev
[     4.779] (II) UnloadSubModule: "fbdevhw"
[     4.779] (II) Unloading fbdevhw
[     4.779] (II) UnloadModule: "vesa"
[     4.779] (II) Unloading vesa
[     4.783] (II) intel(0): SNA initialized with Kabylake (gen9) backend
[     4.783] (==) intel(0): Backing store enabled
[     4.783] (==) intel(0): Silken mouse disabled
[     4.783] (II) intel(0): HW Cursor enabled
[     4.784] (==) intel(0): DPMS enabled
[     4.785] (==) intel(0): Display hotplug detection enabled
[     4.785] (II) intel(0): [DRI2] Setup complete
[     4.786] (II) intel(0): [DRI2]   DRI driver: i965
[     4.786] (II) intel(0): [DRI2]   VDPAU driver: va_gl
[     4.786] (II) intel(0): direct rendering: DRI2 DRI3 enabled
[     4.786] (II) intel(0): hardware support for Present enabled
[     4.786] (II) Initializing extension Generic Event Extension
[     4.786] (II) Initializing extension SHAPE
[     4.786] (II) Initializing extension MIT-SHM
[     4.786] (II) Initializing extension XInputExtension
[     4.786] (II) Initializing extension XTEST
[     4.787] (II) Initializing extension BIG-REQUESTS
[     4.787] (II) Initializing extension SYNC
[     4.787] (II) Initializing extension XKEYBOARD
[     4.787] (II) Initializing extension XC-MISC
[     4.787] (II) Initializing extension SECURITY
[     4.787] (II) Initializing extension XFIXES
[     4.787] (II) Initializing extension RENDER
[     4.787] (II) Initializing extension RANDR
[     4.787] (II) Initializing extension COMPOSITE
[     4.787] (II) Initializing extension DAMAGE
[     4.788] (II) Initializing extension MIT-SCREEN-SAVER
[     4.788] (II) Initializing extension DOUBLE-BUFFER
[     4.788] (II) Initializing extension RECORD
[     4.788] (II) Initializing extension DPMS
[     4.788] (II) Initializing extension Present
[     4.788] (II) Initializing extension DRI3
[     4.788] (II) Initializing extension X-Resource
[     4.788] (II) Initializing extension XVideo
[     4.788] (II) Initializing extension XVideo-MotionCompensation
[     4.788] (II) Initializing extension GLX
[     4.842] (II) AIGLX: Loaded and initialized i965
[     4.842] (II) GLX: Initialized DRI2 GL provider for screen 0
[     4.842] (II) Initializing extension XFree86-VidModeExtension
[     4.842] (II) Initializing extension XFree86-DGA
[     4.842] (II) Initializing extension XFree86-DRI
[     4.842] (II) Initializing extension DRI2
[     4.852] (II) intel(0): switch to mode 1920x1080@60.0 on HDMI2 using pipe 0, position (0, 0), rotation normal, reflection none
[     4.862] (II) intel(0): Setting screen physical size to 508 x 285
[     5.071] (II) config/udev: Adding input device Power Button (/dev/input/event2)
[     5.071] (**) Power Button: Applying InputClass "evdev keyboard catchall"
[     5.071] (**) Power Button: Applying InputClass "libinput keyboard catchall"
[     5.071] (II) LoadModule: "libinput"
[     5.071] (II) Loading /usr/lib/xorg/modules/input/libinput_drv.so
[     5.076] (EE) Failed to load /usr/lib/xorg/modules/input/libinput_drv.so: /usr/lib/libinput.so.10: version `LIBINPUT_1.19' not found (required by /usr/lib/xorg/modules/input/libinput_drv.so)
[     5.076] (EE) Failed to load module "libinput" (loader failed, 0)
[     5.076] (EE) No input driver matching `libinput'
[     5.076] (II) Falling back to input driver `libinput'
[     5.076] (II) LoadModule: "libinput"
[     5.076] (II) Loading /usr/lib/xorg/modules/input/libinput_drv.so
[     5.077] (EE) Failed to load /usr/lib/xorg/modules/input/libinput_drv.so: /usr/lib/libinput.so.10: version `LIBINPUT_1.19' not found (required by /usr/lib/xorg/modules/input/libinput_drv.so)
[     5.077] (EE) Failed to load module "libinput" (loader failed, 0)
[     5.078] (II) config/udev: Adding input device Video Bus (/dev/input/event10)
[     5.078] (**) Video Bus: Applying InputClass "evdev keyboard catchall"
[     5.078] (**) Video Bus: Applying InputClass "libinput keyboard catchall"
[     5.078] (II) LoadModule: "libinput"
[     5.078] (II) Loading /usr/lib/xorg/modules/input/libinput_drv.so
[     5.079] (EE) Failed to load /usr/lib/xorg/modules/input/libinput_drv.so: /usr/lib/libinput.so.10: version `LIBINPUT_1.19' not found (required by /usr/lib/xorg/modules/input/libinput_drv.so)
[     5.079] (EE) Failed to load module "libinput" (loader failed, 0)
[     5.079] (EE) No input driver matching `libinput'
[     5.079] (II) Falling back to input driver `libinput'
[     5.079] (II) LoadModule: "libinput"
[     5.079] (II) Loading /usr/lib/xorg/modules/input/libinput_drv.so
[     5.080] (EE) Failed to load /usr/lib/xorg/modules/input/libinput_drv.so: /usr/lib/libinput.so.10: version `LIBINPUT_1.19' not found (required by /usr/lib/xorg/modules/input/libinput_drv.so)
[     5.080] (EE) Failed to load module "libinput" (loader failed, 0)
[     5.081] (II) config/udev: Adding input device Lid Switch (/dev/input/event1)
[     5.081] (II) No input driver specified, ignoring this device.
[     5.081] (II) This device may have been added with another device file.
[     5.082] (II) config/udev: Adding input device Sleep Button (/dev/input/event0)
[     5.082] (**) Sleep Button: Applying InputClass "evdev keyboard catchall"
[     5.082] (**) Sleep Button: Applying InputClass "libinput keyboard catchall"
[     5.082] (II) LoadModule: "libinput"
[     5.082] (II) Loading /usr/lib/xorg/modules/input/libinput_drv.so
[     5.083] (EE) Failed to load /usr/lib/xorg/modules/input/libinput_drv.so: /usr/lib/libinput.so.10: version `LIBINPUT_1.19' not found (required by /usr/lib/xorg/modules/input/libinput_drv.so)
[     5.083] (EE) Failed to load module "libinput" (loader failed, 0)
[     5.083] (EE) No input driver matching `libinput'
[     5.083] (II) Falling back to input driver `libinput'
[     5.083] (II) LoadModule: "libinput"
[     5.083] (II) Loading /usr/lib/xorg/modules/input/libinput_drv.so
[     5.084] (EE) Failed to load /usr/lib/xorg/modules/input/libinput_drv.so: /usr/lib/libinput.so.10: version `LIBINPUT_1.19' not found (required by /usr/lib/xorg/modules/input/libinput_drv.so)
[     5.084] (EE) Failed to load module "libinput" (loader failed, 0)
[     5.085] (II) config/udev: Adding input device Logitech USB Keyboard (/dev/input/event4)
[     5.086] (**) Logitech USB Keyboard: Applying InputClass "evdev keyboard catchall"
[     5.086] (**) Logitech USB Keyboard: Applying InputClass "libinput keyboard catchall"
[     5.086] (II) LoadModule: "libinput"
[     5.086] (II) Loading /usr/lib/xorg/modules/input/libinput_drv.so
[     5.086] (EE) Failed to load /usr/lib/xorg/modules/input/libinput_drv.so: /usr/lib/libinput.so.10: version `LIBINPUT_1.19' not found (required by /usr/lib/xorg/modules/input/libinput_drv.so)
[     5.086] (EE) Failed to load module "libinput" (loader failed, 0)
[     5.086] (EE) No input driver matching `libinput'
[     5.086] (II) Falling back to input driver `libinput'
[     5.086] (II) LoadModule: "libinput"
[     5.086] (II) Loading /usr/lib/xorg/modules/input/libinput_drv.so
[     5.087] (EE) Failed to load /usr/lib/xorg/modules/input/libinput_drv.so: /usr/lib/libinput.so.10: version `LIBINPUT_1.19' not found (required by /usr/lib/xorg/modules/input/libinput_drv.so)
[     5.087] (EE) Failed to load module "libinput" (loader failed, 0)
[     5.088] (II) config/udev: Adding input device Logitech USB Keyboard Consumer Control (/dev/input/event5)
[     5.088] (**) Logitech USB Keyboard Consumer Control: Applying InputClass "evdev keyboard catchall"
[     5.088] (**) Logitech USB Keyboard Consumer Control: Applying InputClass "libinput keyboard catchall"
[     5.088] (II) LoadModule: "libinput"
[     5.088] (II) Loading /usr/lib/xorg/modules/input/libinput_drv.so
[     5.089] (EE) Failed to load /usr/lib/xorg/modules/input/libinput_drv.so: /usr/lib/libinput.so.10: version `LIBINPUT_1.19' not found (required by /usr/lib/xorg/modules/input/libinput_drv.so)
[     5.089] (EE) Failed to load module "libinput" (loader failed, 0)
[     5.089] (EE) No input driver matching `libinput'
[     5.089] (II) Falling back to input driver `libinput'
[     5.089] (II) LoadModule: "libinput"
[     5.089] (II) Loading /usr/lib/xorg/modules/input/libinput_drv.so
[     5.089] (EE) Failed to load /usr/lib/xorg/modules/input/libinput_drv.so: /usr/lib/libinput.so.10: version `LIBINPUT_1.19' not found (required by /usr/lib/xorg/modules/input/libinput_drv.so)
[     5.089] (EE) Failed to load module "libinput" (loader failed, 0)
[     5.090] (II) config/udev: Adding input device Logitech USB Keyboard System Control (/dev/input/event6)
[     5.090] (**) Logitech USB Keyboard System Control: Applying InputClass "evdev keyboard catchall"
[     5.090] (**) Logitech USB Keyboard System Control: Applying InputClass "libinput keyboard catchall"
[     5.090] (II) LoadModule: "libinput"
[     5.091] (II) Loading /usr/lib/xorg/modules/input/libinput_drv.so
[     5.091] (EE) Failed to load /usr/lib/xorg/modules/input/libinput_drv.so: /usr/lib/libinput.so.10: version `LIBINPUT_1.19' not found (required by /usr/lib/xorg/modules/input/libinput_drv.so)
[     5.091] (EE) Failed to load module "libinput" (loader failed, 0)
[     5.091] (EE) No input driver matching `libinput'
[     5.091] (II) Falling back to input driver `libinput'
[     5.091] (II) LoadModule: "libinput"
[     5.091] (II) Loading /usr/lib/xorg/modules/input/libinput_drv.so
[     5.092] (EE) Failed to load /usr/lib/xorg/modules/input/libinput_drv.so: /usr/lib/libinput.so.10: version `LIBINPUT_1.19' not found (required by /usr/lib/xorg/modules/input/libinput_drv.so)
[     5.092] (EE) Failed to load module "libinput" (loader failed, 0)
[     5.093] (II) config/udev: Adding input device PixArt Dell MS116 USB Optical Mouse (/dev/input/event7)
[     5.093] (**) PixArt Dell MS116 USB Optical Mouse: Applying InputClass "evdev pointer catchall"
[     5.093] (**) PixArt Dell MS116 USB Optical Mouse: Applying InputClass "libinput pointer catchall"
[     5.093] (II) LoadModule: "libinput"
[     5.093] (II) Loading /usr/lib/xorg/modules/input/libinput_drv.so
[     5.093] (EE) Failed to load /usr/lib/xorg/modules/input/libinput_drv.so: /usr/lib/libinput.so.10: version `LIBINPUT_1.19' not found (required by /usr/lib/xorg/modules/input/libinput_drv.so)
[     5.093] (EE) Failed to load module "libinput" (loader failed, 0)
[     5.093] (EE) No input driver matching `libinput'
[     5.093] (II) Falling back to input driver `libinput'
[     5.093] (II) LoadModule: "libinput"
[     5.094] (II) Loading /usr/lib/xorg/modules/input/libinput_drv.so
[     5.094] (EE) Failed to load /usr/lib/xorg/modules/input/libinput_drv.so: /usr/lib/libinput.so.10: version `LIBINPUT_1.19' not found (required by /usr/lib/xorg/modules/input/libinput_drv.so)
[     5.094] (EE) Failed to load module "libinput" (loader failed, 0)
[     5.095] (II) config/udev: Adding input device PixArt Dell MS116 USB Optical Mouse (/dev/input/mouse0)
[     5.095] (II) No input driver specified, ignoring this device.
[     5.095] (II) This device may have been added with another device file.
[     5.095] (II) config/udev: Adding input device HDA Intel PCH Mic (/dev/input/event11)
[     5.095] (II) No input driver specified, ignoring this device.
[     5.095] (II) This device may have been added with another device file.
[     5.096] (II) config/udev: Adding input device HDA Intel PCH Dock Mic (/dev/input/event12)
[     5.096] (II) No input driver specified, ignoring this device.
[     5.096] (II) This device may have been added with another device file.
[     5.096] (II) config/udev: Adding input device HDA Intel PCH Dock Headphone (/dev/input/event13)
[     5.096] (II) No input driver specified, ignoring this device.
[     5.096] (II) This device may have been added with another device file.
[     5.096] (II) config/udev: Adding input device HDA Intel PCH Headphone (/dev/input/event14)
[     5.097] (II) No input driver specified, ignoring this device.
[     5.097] (II) This device may have been added with another device file.
[     5.097] (II) config/udev: Adding input device HDA Intel PCH HDMI/DP,pcm=3 (/dev/input/event15)
[     5.097] (II) No input driver specified, ignoring this device.
[     5.097] (II) This device may have been added with another device file.
[     5.097] (II) config/udev: Adding input device HDA Intel PCH HDMI/DP,pcm=7 (/dev/input/event16)
[     5.097] (II) No input driver specified, ignoring this device.
[     5.097] (II) This device may have been added with another device file.
[     5.098] (II) config/udev: Adding input device HDA Intel PCH HDMI/DP,pcm=8 (/dev/input/event17)
[     5.098] (II) No input driver specified, ignoring this device.
[     5.098] (II) This device may have been added with another device file.
[     5.098] (II) config/udev: Adding input device HDA Intel PCH HDMI/DP,pcm=9 (/dev/input/event18)
[     5.098] (II) No input driver specified, ignoring this device.
[     5.098] (II) This device may have been added with another device file.
[     5.099] (II) config/udev: Adding input device HDA Intel PCH HDMI/DP,pcm=10 (/dev/input/event19)
[     5.099] (II) No input driver specified, ignoring this device.
[     5.099] (II) This device may have been added with another device file.
[     5.099] (II) config/udev: Adding input device AT Translated Set 2 keyboard (/dev/input/event3)
[     5.099] (**) AT Translated Set 2 keyboard: Applying InputClass "evdev keyboard catchall"
[     5.099] (**) AT Translated Set 2 keyboard: Applying InputClass "libinput keyboard catchall"
[     5.099] (II) LoadModule: "libinput"
[     5.099] (II) Loading /usr/lib/xorg/modules/input/libinput_drv.so
[     5.100] (EE) Failed to load /usr/lib/xorg/modules/input/libinput_drv.so: /usr/lib/libinput.so.10: version `LIBINPUT_1.19' not found (required by /usr/lib/xorg/modules/input/libinput_drv.so)
[     5.100] (EE) Failed to load module "libinput" (loader failed, 0)
[     5.100] (EE) No input driver matching `libinput'
[     5.100] (II) Falling back to input driver `libinput'
[     5.100] (II) LoadModule: "libinput"
[     5.100] (II) Loading /usr/lib/xorg/modules/input/libinput_drv.so
[     5.100] (EE) Failed to load /usr/lib/xorg/modules/input/libinput_drv.so: /usr/lib/libinput.so.10: version `LIBINPUT_1.19' not found (required by /usr/lib/xorg/modules/input/libinput_drv.so)
[     5.100] (EE) Failed to load module "libinput" (loader failed, 0)
[     5.101] (II) config/udev: Adding input device SynPS/2 Synaptics TouchPad (/dev/input/event20)
[     5.101] (**) SynPS/2 Synaptics TouchPad: Applying InputClass "evdev touchpad catchall"
[     5.101] (**) SynPS/2 Synaptics TouchPad: Applying InputClass "libinput touchpad catchall"
[     5.101] (**) SynPS/2 Synaptics TouchPad: Applying InputClass "touchpad catchall"
[     5.101] (**) SynPS/2 Synaptics TouchPad: Applying InputClass "Default clickpad buttons"
[     5.101] (II) LoadModule: "synaptics"
[     5.101] (II) Loading /usr/lib/xorg/modules/input/synaptics_drv.so
[     5.105] (II) Module synaptics: vendor="X.Org Foundation"
[     5.105] 	compiled for 1.20.8, module version = 1.9.1
[     5.105] 	Module class: X.Org XInput Driver
[     5.105] 	ABI class: X.Org XInput driver, version 24.1
[     5.105] (II) Using input driver 'synaptics' for 'SynPS/2 Synaptics TouchPad'
[     5.105] (**) SynPS/2 Synaptics TouchPad: always reports core events
[     5.105] (**) Option "Device" "/dev/input/event20"
[     5.164] (II) synaptics: SynPS/2 Synaptics TouchPad: found clickpad property
[     5.164] (--) synaptics: SynPS/2 Synaptics TouchPad: x-axis range 1232 - 5712 (res 53)
[     5.164] (--) synaptics: SynPS/2 Synaptics TouchPad: y-axis range 1074 - 4780 (res 73)
[     5.164] (--) synaptics: SynPS/2 Synaptics TouchPad: pressure range 0 - 255
[     5.164] (--) synaptics: SynPS/2 Synaptics TouchPad: finger width range 0 - 15
[     5.164] (--) synaptics: SynPS/2 Synaptics TouchPad: buttons: left double triple
[     5.164] (--) synaptics: SynPS/2 Synaptics TouchPad: Vendor 0x2 Product 0x7
[     5.164] (**) Option "SoftButtonAreas" "50% 0 82% 0 0 0 0 0"
[     5.164] (--) synaptics: SynPS/2 Synaptics TouchPad: touchpad found
[     5.164] (**) SynPS/2 Synaptics TouchPad: always reports core events
[     5.231] (**) Option "config_info" "udev:/sys/devices/platform/i8042/serio1/input/input10/event20"
[     5.231] (II) XINPUT: Adding extended input device "SynPS/2 Synaptics TouchPad" (type: TOUCHPAD, id 6)
[     5.231] (**) synaptics: SynPS/2 Synaptics TouchPad: (accel) MinSpeed is now constant deceleration 2.5
[     5.231] (**) synaptics: SynPS/2 Synaptics TouchPad: (accel) MaxSpeed is now 1.75
[     5.231] (**) synaptics: SynPS/2 Synaptics TouchPad: (accel) AccelFactor is now 0.034
[     5.231] (**) SynPS/2 Synaptics TouchPad: (accel) keeping acceleration scheme 1
[     5.231] (**) SynPS/2 Synaptics TouchPad: (accel) acceleration profile 1
[     5.231] (**) SynPS/2 Synaptics TouchPad: (accel) acceleration factor: 2.000
[     5.231] (**) SynPS/2 Synaptics TouchPad: (accel) acceleration threshold: 4
[     5.231] (--) synaptics: SynPS/2 Synaptics TouchPad: touchpad found
[     5.233] (II) config/udev: Adding input device SynPS/2 Synaptics TouchPad (/dev/input/mouse1)
[     5.233] (**) SynPS/2 Synaptics TouchPad: Ignoring device from InputClass "touchpad ignore duplicates"
[     5.234] (II) config/udev: Adding input device TPPS/2 IBM TrackPoint (/dev/input/event21)
[     5.234] (**) TPPS/2 IBM TrackPoint: Applying InputClass "evdev pointer catchall"
[     5.234] (**) TPPS/2 IBM TrackPoint: Applying InputClass "libinput pointer catchall"
[     5.234] (II) LoadModule: "libinput"
[     5.235] (II) Loading /usr/lib/xorg/modules/input/libinput_drv.so
[     5.236] (EE) Failed to load /usr/lib/xorg/modules/input/libinput_drv.so: /usr/lib/libinput.so.10: version `LIBINPUT_1.19' not found (required by /usr/lib/xorg/modules/input/libinput_drv.so)
[     5.236] (EE) Failed to load module "libinput" (loader failed, 0)
[     5.236] (EE) No input driver matching `libinput'
[     5.236] (II) Falling back to input driver `libinput'
[     5.236] (II) LoadModule: "libinput"
[     5.236] (II) Loading /usr/lib/xorg/modules/input/libinput_drv.so
[     5.237] (EE) Failed to load /usr/lib/xorg/modules/input/libinput_drv.so: /usr/lib/libinput.so.10: version `LIBINPUT_1.19' not found (required by /usr/lib/xorg/modules/input/libinput_drv.so)
[     5.237] (EE) Failed to load module "libinput" (loader failed, 0)
[     5.238] (II) config/udev: Adding input device TPPS/2 IBM TrackPoint (/dev/input/mouse2)
[     5.238] (II) No input driver specified, ignoring this device.
[     5.238] (II) This device may have been added with another device file.
[     5.240] (II) config/udev: Adding input device PC Speaker (/dev/input/event9)
[     5.240] (II) No input driver specified, ignoring this device.
[     5.240] (II) This device may have been added with another device file.
[     5.247] (II) config/udev: Adding input device ThinkPad Extra Buttons (/dev/input/event8)
[     5.247] (**) ThinkPad Extra Buttons: Applying InputClass "evdev keyboard catchall"
[     5.247] (**) ThinkPad Extra Buttons: Applying InputClass "libinput keyboard catchall"
[     5.247] (II) LoadModule: "libinput"
[     5.247] (II) Loading /usr/lib/xorg/modules/input/libinput_drv.so
[     5.248] (EE) Failed to load /usr/lib/xorg/modules/input/libinput_drv.so: /usr/lib/libinput.so.10: version `LIBINPUT_1.19' not found (required by /usr/lib/xorg/modules/input/libinput_drv.so)
[     5.248] (EE) Failed to load module "libinput" (loader failed, 0)
[     5.248] (EE) No input driver matching `libinput'
[     5.248] (II) Falling back to input driver `libinput'
[     5.248] (II) LoadModule: "libinput"
[     5.249] (II) Loading /usr/lib/xorg/modules/input/libinput_drv.so
[     5.249] (EE) Failed to load /usr/lib/xorg/modules/input/libinput_drv.so: /usr/lib/libinput.so.10: version `LIBINPUT_1.19' not found (required by /usr/lib/xorg/modules/input/libinput_drv.so)
[     5.250] (EE) Failed to load module "libinput" (loader failed, 0)
[     5.280] (II) config/udev: Adding input device TPPS/2 IBM TrackPoint (/dev/input/mouse2)
[     5.280] (II) No input driver specified, ignoring this device.
[     5.280] (II) This device may have been added with another device file.
[     5.281] (II) config/udev: Adding input device TPPS/2 IBM TrackPoint (/dev/input/event21)
[     5.281] (**) TPPS/2 IBM TrackPoint: Applying InputClass "evdev pointer catchall"
[     5.281] (**) TPPS/2 IBM TrackPoint: Applying InputClass "libinput pointer catchall"
[     5.281] (II) LoadModule: "libinput"
[     5.282] (II) Loading /usr/lib/xorg/modules/input/libinput_drv.so
[     5.282] (EE) Failed to load /usr/lib/xorg/modules/input/libinput_drv.so: /usr/lib/libinput.so.10: version `LIBINPUT_1.19' not found (required by /usr/lib/xorg/modules/input/libinput_drv.so)
[     5.282] (EE) Failed to load module "libinput" (loader failed, 0)
[     5.282] (EE) No input driver matching `libinput'
[     5.282] (II) Falling back to input driver `libinput'
[     5.282] (II) LoadModule: "libinput"
[     5.283] (II) Loading /usr/lib/xorg/modules/input/libinput_drv.so
[     5.283] (EE) Failed to load /usr/lib/xorg/modules/input/libinput_drv.so: /usr/lib/libinput.so.10: version `LIBINPUT_1.19' not found (required by /usr/lib/xorg/modules/input/libinput_drv.so)
[     5.283] (EE) Failed to load module "libinput" (loader failed, 0)
[    46.901] (II) UnloadModule: "synaptics"
[    46.968] (II) Server terminated successfully (0). Closing log file.
